16:16:39 DEBUG : Logs will be stored at 'C:/FHNW/prj2/fhnw_zt/5_vitis/ws/IDE.log'.
16:16:46 INFO  : Launching XSCT server: xsct.bat -n  -interactive C:\FHNW\prj2\fhnw_zt\5_vitis\ws\temp_xsdb_launch_script.tcl
16:16:46 INFO  : Registering command handlers for Vitis TCF services
16:16:47 INFO  : Platform repository initialization has completed.
16:16:48 INFO  : XSCT server has started successfully.
16:16:48 INFO  : Successfully done setting XSCT server connection channel  
16:16:48 INFO  : plnx-install-location is set to ''
16:16:48 INFO  : Successfully done setting workspace for the tool. 
16:16:48 INFO  : Successfully done query RDI_DATADIR 
16:18:08 INFO  : Result from executing command 'getProjects': zybo
16:18:08 INFO  : Result from executing command 'getPlatforms': xilinx_vck190_base_202310_1|C:/Xilinx/Vitis/2023.1/base_platforms/xilinx_vck190_base_202310_1/xilinx_vck190_base_202310_1.xpfm;xilinx_vck190_base_dfx_202310_1|C:/Xilinx/Vitis/2023.1/base_platforms/xilinx_vck190_base_dfx_202310_1/xilinx_vck190_base_dfx_202310_1.xpfm;xilinx_vek280_es1_base_202310_1|C:/Xilinx/Vitis/2023.1/base_platforms/xilinx_vek280_es1_base_202310_1/xilinx_vek280_es1_base_202310_1.xpfm;xilinx_vmk180_base_202310_1|C:/Xilinx/Vitis/2023.1/base_platforms/xilinx_vmk180_base_202310_1/xilinx_vmk180_base_202310_1.xpfm;xilinx_zcu102_base_202310_1|C:/Xilinx/Vitis/2023.1/base_platforms/xilinx_zcu102_base_202310_1/xilinx_zcu102_base_202310_1.xpfm;xilinx_zcu102_base_dfx_202310_1|C:/Xilinx/Vitis/2023.1/base_platforms/xilinx_zcu102_base_dfx_202310_1/xilinx_zcu102_base_dfx_202310_1.xpfm;xilinx_zcu104_base_202310_1|C:/Xilinx/Vitis/2023.1/base_platforms/xilinx_zcu104_base_202310_1/xilinx_zcu104_base_202310_1.xpfm
16:18:25 INFO  : No changes in MSS file content so sources will not be generated.
16:21:44 INFO  : Result from executing command 'getProjects': zybo
16:21:44 INFO  : Result from executing command 'getPlatforms': xilinx_vck190_base_202310_1|C:/Xilinx/Vitis/2023.1/base_platforms/xilinx_vck190_base_202310_1/xilinx_vck190_base_202310_1.xpfm;xilinx_vck190_base_dfx_202310_1|C:/Xilinx/Vitis/2023.1/base_platforms/xilinx_vck190_base_dfx_202310_1/xilinx_vck190_base_dfx_202310_1.xpfm;xilinx_vek280_es1_base_202310_1|C:/Xilinx/Vitis/2023.1/base_platforms/xilinx_vek280_es1_base_202310_1/xilinx_vek280_es1_base_202310_1.xpfm;xilinx_vmk180_base_202310_1|C:/Xilinx/Vitis/2023.1/base_platforms/xilinx_vmk180_base_202310_1/xilinx_vmk180_base_202310_1.xpfm;xilinx_zcu102_base_202310_1|C:/Xilinx/Vitis/2023.1/base_platforms/xilinx_zcu102_base_202310_1/xilinx_zcu102_base_202310_1.xpfm;xilinx_zcu102_base_dfx_202310_1|C:/Xilinx/Vitis/2023.1/base_platforms/xilinx_zcu102_base_dfx_202310_1/xilinx_zcu102_base_dfx_202310_1.xpfm;xilinx_zcu104_base_202310_1|C:/Xilinx/Vitis/2023.1/base_platforms/xilinx_zcu104_base_202310_1/xilinx_zcu104_base_202310_1.xpfm;zybo|C:/FHNW/prj2/fhnw_zt/5_vitis/ws/zybo/export/zybo/zybo.xpfm
16:21:45 INFO  : Checking for BSP changes to sync application flags for project 'zybo_app'...
16:22:54 INFO  : Connected to target on host '127.0.0.1' and port '3121'.
16:22:55 INFO  : Jtag cable 'Digilent Zybo Z7 210351B0FE18A' is selected.
16:22:55 INFO  : 'jtag frequency' command is executed.
16:22:55 INFO  : Context for 'APU' is selected.
16:22:55 INFO  : System reset is completed.
16:22:58 INFO  : 'after 3000' command is executed.
16:22:58 INFO  : 'targets -set -filter {jtag_cable_name =~ "Digilent Zybo Z7 210351B0FE18A" && level==0 && jtag_device_ctx=="jsn-Zybo Z7-210351B0FE18A-13722093-0"}' command is executed.
16:23:00 INFO  : Device configured successfully with "C:/FHNW/prj2/fhnw_zt/5_vitis/ws/zybo_app/_ide/bitstream/bd_wrapper.bit"
16:23:00 INFO  : Context for 'APU' is selected.
16:23:00 INFO  : Hardware design and registers information is loaded from 'C:/FHNW/prj2/fhnw_zt/5_vitis/ws/zybo/export/zybo/hw/bd_wrapper.xsa'.
16:23:00 INFO  : 'configparams force-mem-access 1' command is executed.
16:23:00 INFO  : Context for 'APU' is selected.
16:23:00 INFO  : Sourcing of 'C:/FHNW/prj2/fhnw_zt/5_vitis/ws/zybo_app/_ide/psinit/ps7_init.tcl' is done.
16:23:00 INFO  : 'ps7_init' command is executed.
16:23:00 INFO  : 'ps7_post_config' command is executed.
16:23:00 INFO  : Context for processor 'ps7_cortexa9_0' is selected.
16:23:00 INFO  : The application 'C:/FHNW/prj2/fhnw_zt/5_vitis/ws/zybo_app/Debug/zybo_app.elf' is downloaded to processor 'ps7_cortexa9_0'.
16:23:00 INFO  : 'configparams force-mem-access 0' command is executed.
16:23:00 INFO  : ----------------XSDB Script----------------
connect -url tcp:127.0.0.1:3121
targets -set -nocase -filter {name =~"APU*"}
rst -system
after 3000
targets -set -filter {jtag_cable_name =~ "Digilent Zybo Z7 210351B0FE18A" && level==0 && jtag_device_ctx=="jsn-Zybo Z7-210351B0FE18A-13722093-0"}
fpga -file C:/FHNW/prj2/fhnw_zt/5_vitis/ws/zybo_app/_ide/bitstream/bd_wrapper.bit
targets -set -nocase -filter {name =~"APU*"}
loadhw -hw C:/FHNW/prj2/fhnw_zt/5_vitis/ws/zybo/export/zybo/hw/bd_wrapper.xsa -mem-ranges [list {0x40000000 0xbfffffff}] -regs
configparams force-mem-access 1
targets -set -nocase -filter {name =~"APU*"}
source C:/FHNW/prj2/fhnw_zt/5_vitis/ws/zybo_app/_ide/psinit/ps7_init.tcl
ps7_init
ps7_post_config
targets -set -nocase -filter {name =~ "*A9*#0"}
dow C:/FHNW/prj2/fhnw_zt/5_vitis/ws/zybo_app/Debug/zybo_app.elf
configparams force-mem-access 0
----------------End of Script----------------

16:23:01 INFO  : Context for processor 'ps7_cortexa9_0' is selected.
16:23:01 INFO  : 'con' command is executed.
16:23:01 INFO  : ----------------XSDB Script (After Launch)----------------
targets -set -nocase -filter {name =~ "*A9*#0"}
con
----------------End of Script----------------

16:23:01 INFO  : Launch script is exported to file 'C:\FHNW\prj2\fhnw_zt\5_vitis\ws\zybo_app_system\_ide\scripts\debugger_zybo_app-default.tcl'
16:24:38 INFO  : Disconnected from the channel tcfchan#3.
16:24:43 INFO  : Connected to target on host '127.0.0.1' and port '3121'.
16:24:44 INFO  : Jtag cable 'Digilent Zybo Z7 210351B0FE18A' is selected.
16:24:44 INFO  : 'jtag frequency' command is executed.
16:24:47 ERROR : no targets found with "name =~"APU*"". available targets:
  1  DAP (APB AP transaction error, DAP status 0x30000021)
  2  xc7z010
16:24:47 INFO  : ----------------XSDB Script----------------
connect -url tcp:127.0.0.1:3121
targets -set -nocase -filter {name =~"APU*"}
----------------End of Script----------------

16:24:47 ERROR : no targets found with "name =~"APU*"". available targets:
  1  DAP (APB AP transaction error, DAP status 0x30000021)
  2  xc7z010
16:25:01 INFO  : Connected to target on host '127.0.0.1' and port '3121'.
16:25:01 INFO  : Jtag cable 'Digilent Zybo Z7 210351B0FE18A' is selected.
16:25:01 INFO  : 'jtag frequency' command is executed.
16:25:04 ERROR : no targets found with "name =~"APU*"". available targets:
  1  DAP (APB AP transaction error, DAP status 0x30000021)
  2  xc7z010
16:25:04 INFO  : ----------------XSDB Script----------------
connect -url tcp:127.0.0.1:3121
targets -set -nocase -filter {name =~"APU*"}
----------------End of Script----------------

16:25:04 ERROR : no targets found with "name =~"APU*"". available targets:
  1  DAP (APB AP transaction error, DAP status 0x30000021)
  2  xc7z010
16:38:19 INFO  : Hardware specification for platform project 'zybo' is updated.
16:38:29 ERROR : Internal exception while opening bsp settings dailog.
java.lang.NullPointerException: null
	at com.xilinx.sdk.sw.internal.SwDb.getDriversForHwComponent(SwDb.java:587) ~[?:?]
	at com.xilinx.sdx.sw.ui.internal.SwDriversPresenter.createDriverAssignment(SwDriversPresenter.java:109) ~[?:?]
	at com.xilinx.sdx.sw.ui.internal.SwDriversPresenter.createDriversFromPlatform(SwDriversPresenter.java:90) ~[?:?]
	at com.xilinx.sdx.sw.ui.internal.SwDriversPresenter.viewReady(SwDriversPresenter.java:55) ~[?:?]
	at com.xilinx.sdx.sw.ui.internal.BspSettingsPresenter.viewReady(BspSettingsPresenter.java:111) ~[?:?]
	at com.xilinx.sdx.sw.ui.internal.BspSettingsView.createDialogArea(BspSettingsView.java:134) ~[?:?]
	at org.eclipse.jface.dialogs.TitleAreaDialog.createContents(TitleAreaDialog.java:161) ~[org.eclipse.jface_3.19.0.v20200218-1607.jar:?]
	at org.eclipse.jface.window.Window.create(Window.java:431) ~[org.eclipse.jface_3.19.0.v20200218-1607.jar:?]
	at org.eclipse.jface.dialogs.Dialog.create(Dialog.java:1094) ~[org.eclipse.jface_3.19.0.v20200218-1607.jar:?]
	at org.eclipse.jface.window.Window.open(Window.java:788) ~[org.eclipse.jface_3.19.0.v20200218-1607.jar:?]
	at com.xilinx.sdx.sw.ui.internal.BspSettingsPresenter.open(BspSettingsPresenter.java:99) ~[?:?]
	at com.xilinx.sdx.sw.ui.BspSettingsFlow.executeFlowInternal(BspSettingsFlow.java:80) ~[?:?]
	at com.xilinx.sdx.sw.ui.BspSettingsFlow.executeFlow(BspSettingsFlow.java:58) ~[?:?]
	at com.xilinx.sdx.scw.ui.editor.ScwStandaloneBspSettingsUi.lambda$5(ScwStandaloneBspSettingsUi.java:188) ~[?:?]
	at org.eclipse.swt.widgets.RunnableLock.run(RunnableLock.java:40) ~[org.eclipse.swt.win32.win32.x86_64_3.114.0.v20200304-0601.jar:?]
	at org.eclipse.swt.widgets.Synchronizer.runAsyncMessages(Synchronizer.java:185) ~[org.eclipse.swt.win32.win32.x86_64_3.114.0.v20200304-0601.jar:?]
	at org.eclipse.swt.widgets.Display.runAsyncMessages(Display.java:3897) ~[org.eclipse.swt.win32.win32.x86_64_3.114.0.v20200304-0601.jar:?]
	at org.eclipse.swt.widgets.Display.readAndDispatch(Display.java:3527) ~[org.eclipse.swt.win32.win32.x86_64_3.114.0.v20200304-0601.jar:?]
	at org.eclipse.jface.operation.ModalContext$ModalContextThread.block(ModalContext.java:166) ~[org.eclipse.jface_3.19.0.v20200218-1607.jar:?]
	at org.eclipse.jface.operation.ModalContext.run(ModalContext.java:368) ~[org.eclipse.jface_3.19.0.v20200218-1607.jar:?]
	at org.eclipse.jface.dialogs.ProgressMonitorDialog.run(ProgressMonitorDialog.java:469) ~[org.eclipse.jface_3.19.0.v20200218-1607.jar:?]
	at org.eclipse.ui.internal.progress.ProgressMonitorJobsDialog.run(ProgressMonitorJobsDialog.java:237) ~[org.eclipse.ui.workbench_3.118.0.v20200222-0719.jar:?]
	at org.eclipse.ui.internal.progress.ProgressManager.lambda$26(ProgressManager.java:820) ~[org.eclipse.ui.workbench_3.118.0.v20200222-0719.jar:?]
	at org.eclipse.swt.custom.BusyIndicator.showWhile(BusyIndicator.java:72) ~[org.eclipse.swt.win32.win32.x86_64_3.114.0.v20200304-0601.jar:?]
	at org.eclipse.ui.internal.progress.ProgressManager.busyCursorWhile(ProgressManager.java:853) ~[org.eclipse.ui.workbench_3.118.0.v20200222-0719.jar:?]
	at org.eclipse.ui.internal.progress.ProgressManager.busyCursorWhile(ProgressManager.java:829) ~[org.eclipse.ui.workbench_3.118.0.v20200222-0719.jar:?]
	at com.xilinx.sdx.scw.ui.editor.ScwStandaloneBspSettingsUi.changeBspSettings(ScwStandaloneBspSettingsUi.java:167) ~[?:?]
	at com.xilinx.sdx.scw.ui.editor.ScwStandaloneBspSettingsUi.lambda$2(ScwStandaloneBspSettingsUi.java:125) ~[?:?]
	at org.eclipse.swt.events.SelectionListener$1.widgetSelected(SelectionListener.java:84) ~[org.eclipse.swt.win32.win32.x86_64_3.114.0.v20200304-0601.jar:?]
	at org.eclipse.swt.widgets.TypedListener.handleEvent(TypedListener.java:252) ~[org.eclipse.swt.win32.win32.x86_64_3.114.0.v20200304-0601.jar:?]
	at org.eclipse.swt.widgets.EventTable.sendEvent(EventTable.java:89) ~[org.eclipse.swt.win32.win32.x86_64_3.114.0.v20200304-0601.jar:?]
	at org.eclipse.swt.widgets.Display.sendEvent(Display.java:4105) ~[org.eclipse.swt.win32.win32.x86_64_3.114.0.v20200304-0601.jar:?]
	at org.eclipse.swt.widgets.Widget.sendEvent(Widget.java:1037) ~[org.eclipse.swt.win32.win32.x86_64_3.114.0.v20200304-0601.jar:?]
	at org.eclipse.swt.widgets.Display.runDeferredEvents(Display.java:3922) ~[org.eclipse.swt.win32.win32.x86_64_3.114.0.v20200304-0601.jar:?]
	at org.eclipse.swt.widgets.Display.readAndDispatch(Display.java:3524) ~[org.eclipse.swt.win32.win32.x86_64_3.114.0.v20200304-0601.jar:?]
	at org.eclipse.e4.ui.internal.workbench.swt.PartRenderingEngine$5.run(PartRenderingEngine.java:1160) ~[?:?]
	at org.eclipse.core.databinding.observable.Realm.runWithDefault(Realm.java:338) ~[?:?]
	at org.eclipse.e4.ui.internal.workbench.swt.PartRenderingEngine.run(PartRenderingEngine.java:1049) ~[?:?]
	at org.eclipse.e4.ui.internal.workbench.E4Workbench.createAndRunUI(E4Workbench.java:155) ~[org.eclipse.e4.ui.workbench_1.11.200.v20200205-1503.jar:?]
	at org.eclipse.ui.internal.Workbench.lambda$3(Workbench.java:658) ~[org.eclipse.ui.workbench_3.118.0.v20200222-0719.jar:?]
	at org.eclipse.core.databinding.observable.Realm.runWithDefault(Realm.java:338) [org.eclipse.core.databinding.observable_1.9.0.v20200205-2119.jar:?]
	at org.eclipse.ui.internal.Workbench.createAndRunWorkbench(Workbench.java:557) [org.eclipse.ui.workbench_3.118.0.v20200222-0719.jar:?]
	at org.eclipse.ui.PlatformUI.createAndRunWorkbench(PlatformUI.java:154) [org.eclipse.ui.workbench_3.118.0.v20200222-0719.jar:?]
	at com.xilinx.ide.application.ui.Application.start(Application.java:80) [com.xilinx.ide.application.ui_1.0.0.202305040745.jar:?]
	at org.eclipse.equinox.internal.app.EclipseAppHandle.run(EclipseAppHandle.java:203) [org.eclipse.equinox.app_1.4.400.v20191212-0743.jar:?]
	at org.eclipse.core.runtime.internal.adaptor.EclipseAppLauncher.runApplication(EclipseAppLauncher.java:137) [org.eclipse.osgi_3.15.200.v20200214-1600.jar:?]
	at org.eclipse.core.runtime.internal.adaptor.EclipseAppLauncher.start(EclipseAppLauncher.java:107) [org.eclipse.osgi_3.15.200.v20200214-1600.jar:?]
	at org.eclipse.core.runtime.adaptor.EclipseStarter.run(EclipseStarter.java:401) [org.eclipse.osgi_3.15.200.v20200214-1600.jar:?]
	at org.eclipse.core.runtime.adaptor.EclipseStarter.run(EclipseStarter.java:255) [org.eclipse.osgi_3.15.200.v20200214-1600.jar:?]
	at jdk.internal.reflect.NativeMethodAccessorImpl.invoke0(Native Method) ~[?:?]
	at jdk.internal.reflect.NativeMethodAccessorImpl.invoke(NativeMethodAccessorImpl.java:62) ~[?:?]
	at jdk.internal.reflect.DelegatingMethodAccessorImpl.invoke(DelegatingMethodAccessorImpl.java:43) ~[?:?]
	at java.lang.reflect.Method.invoke(Method.java:566) ~[?:?]
	at org.eclipse.equinox.launcher.Main.invokeFramework(Main.java:657) [org.eclipse.equinox.launcher_1.5.700.v20200207-2156.jar:?]
	at org.eclipse.equinox.launcher.Main.basicRun(Main.java:594) [org.eclipse.equinox.launcher_1.5.700.v20200207-2156.jar:?]
	at org.eclipse.equinox.launcher.Main.run(Main.java:1447) [org.eclipse.equinox.launcher_1.5.700.v20200207-2156.jar:?]
16:38:33 ERROR : Internal exception while opening bsp settings dailog.
java.lang.NullPointerException: null
	at com.xilinx.sdk.sw.internal.SwDb.getDriversForHwComponent(SwDb.java:587) ~[?:?]
	at com.xilinx.sdx.sw.ui.internal.SwDriversPresenter.createDriverAssignment(SwDriversPresenter.java:109) ~[?:?]
	at com.xilinx.sdx.sw.ui.internal.SwDriversPresenter.createDriversFromPlatform(SwDriversPresenter.java:90) ~[?:?]
	at com.xilinx.sdx.sw.ui.internal.SwDriversPresenter.viewReady(SwDriversPresenter.java:55) ~[?:?]
	at com.xilinx.sdx.sw.ui.internal.BspSettingsPresenter.viewReady(BspSettingsPresenter.java:111) ~[?:?]
	at com.xilinx.sdx.sw.ui.internal.BspSettingsView.createDialogArea(BspSettingsView.java:134) ~[?:?]
	at org.eclipse.jface.dialogs.TitleAreaDialog.createContents(TitleAreaDialog.java:161) ~[org.eclipse.jface_3.19.0.v20200218-1607.jar:?]
	at org.eclipse.jface.window.Window.create(Window.java:431) ~[org.eclipse.jface_3.19.0.v20200218-1607.jar:?]
	at org.eclipse.jface.dialogs.Dialog.create(Dialog.java:1094) ~[org.eclipse.jface_3.19.0.v20200218-1607.jar:?]
	at org.eclipse.jface.window.Window.open(Window.java:788) ~[org.eclipse.jface_3.19.0.v20200218-1607.jar:?]
	at com.xilinx.sdx.sw.ui.internal.BspSettingsPresenter.open(BspSettingsPresenter.java:99) ~[?:?]
	at com.xilinx.sdx.sw.ui.BspSettingsFlow.executeFlowInternal(BspSettingsFlow.java:80) ~[?:?]
	at com.xilinx.sdx.sw.ui.BspSettingsFlow.executeFlow(BspSettingsFlow.java:58) ~[?:?]
	at com.xilinx.sdx.scw.ui.editor.ScwStandaloneBspSettingsUi.lambda$5(ScwStandaloneBspSettingsUi.java:188) ~[?:?]
	at org.eclipse.swt.widgets.RunnableLock.run(RunnableLock.java:40) ~[org.eclipse.swt.win32.win32.x86_64_3.114.0.v20200304-0601.jar:?]
	at org.eclipse.swt.widgets.Synchronizer.runAsyncMessages(Synchronizer.java:185) ~[org.eclipse.swt.win32.win32.x86_64_3.114.0.v20200304-0601.jar:?]
	at org.eclipse.swt.widgets.Display.runAsyncMessages(Display.java:3897) ~[org.eclipse.swt.win32.win32.x86_64_3.114.0.v20200304-0601.jar:?]
	at org.eclipse.swt.widgets.Display.readAndDispatch(Display.java:3527) ~[org.eclipse.swt.win32.win32.x86_64_3.114.0.v20200304-0601.jar:?]
	at org.eclipse.jface.operation.ModalContext$ModalContextThread.block(ModalContext.java:166) ~[org.eclipse.jface_3.19.0.v20200218-1607.jar:?]
	at org.eclipse.jface.operation.ModalContext.run(ModalContext.java:368) ~[org.eclipse.jface_3.19.0.v20200218-1607.jar:?]
	at org.eclipse.jface.dialogs.ProgressMonitorDialog.run(ProgressMonitorDialog.java:469) ~[org.eclipse.jface_3.19.0.v20200218-1607.jar:?]
	at org.eclipse.ui.internal.progress.ProgressMonitorJobsDialog.run(ProgressMonitorJobsDialog.java:237) ~[org.eclipse.ui.workbench_3.118.0.v20200222-0719.jar:?]
	at org.eclipse.ui.internal.progress.ProgressManager.lambda$26(ProgressManager.java:820) ~[org.eclipse.ui.workbench_3.118.0.v20200222-0719.jar:?]
	at org.eclipse.swt.custom.BusyIndicator.showWhile(BusyIndicator.java:72) ~[org.eclipse.swt.win32.win32.x86_64_3.114.0.v20200304-0601.jar:?]
	at org.eclipse.ui.internal.progress.ProgressManager.busyCursorWhile(ProgressManager.java:853) ~[org.eclipse.ui.workbench_3.118.0.v20200222-0719.jar:?]
	at org.eclipse.ui.internal.progress.ProgressManager.busyCursorWhile(ProgressManager.java:829) ~[org.eclipse.ui.workbench_3.118.0.v20200222-0719.jar:?]
	at com.xilinx.sdx.scw.ui.editor.ScwStandaloneBspSettingsUi.changeBspSettings(ScwStandaloneBspSettingsUi.java:167) ~[?:?]
	at com.xilinx.sdx.scw.ui.editor.ScwStandaloneBspSettingsUi.lambda$2(ScwStandaloneBspSettingsUi.java:125) ~[?:?]
	at org.eclipse.swt.events.SelectionListener$1.widgetSelected(SelectionListener.java:84) ~[org.eclipse.swt.win32.win32.x86_64_3.114.0.v20200304-0601.jar:?]
	at org.eclipse.swt.widgets.TypedListener.handleEvent(TypedListener.java:252) ~[org.eclipse.swt.win32.win32.x86_64_3.114.0.v20200304-0601.jar:?]
	at org.eclipse.swt.widgets.EventTable.sendEvent(EventTable.java:89) ~[org.eclipse.swt.win32.win32.x86_64_3.114.0.v20200304-0601.jar:?]
	at org.eclipse.swt.widgets.Display.sendEvent(Display.java:4105) ~[org.eclipse.swt.win32.win32.x86_64_3.114.0.v20200304-0601.jar:?]
	at org.eclipse.swt.widgets.Widget.sendEvent(Widget.java:1037) ~[org.eclipse.swt.win32.win32.x86_64_3.114.0.v20200304-0601.jar:?]
	at org.eclipse.swt.widgets.Display.runDeferredEvents(Display.java:3922) ~[org.eclipse.swt.win32.win32.x86_64_3.114.0.v20200304-0601.jar:?]
	at org.eclipse.swt.widgets.Display.readAndDispatch(Display.java:3524) ~[org.eclipse.swt.win32.win32.x86_64_3.114.0.v20200304-0601.jar:?]
	at org.eclipse.e4.ui.internal.workbench.swt.PartRenderingEngine$5.run(PartRenderingEngine.java:1160) ~[?:?]
	at org.eclipse.core.databinding.observable.Realm.runWithDefault(Realm.java:338) ~[?:?]
	at org.eclipse.e4.ui.internal.workbench.swt.PartRenderingEngine.run(PartRenderingEngine.java:1049) ~[?:?]
	at org.eclipse.e4.ui.internal.workbench.E4Workbench.createAndRunUI(E4Workbench.java:155) ~[org.eclipse.e4.ui.workbench_1.11.200.v20200205-1503.jar:?]
	at org.eclipse.ui.internal.Workbench.lambda$3(Workbench.java:658) ~[org.eclipse.ui.workbench_3.118.0.v20200222-0719.jar:?]
	at org.eclipse.core.databinding.observable.Realm.runWithDefault(Realm.java:338) [org.eclipse.core.databinding.observable_1.9.0.v20200205-2119.jar:?]
	at org.eclipse.ui.internal.Workbench.createAndRunWorkbench(Workbench.java:557) [org.eclipse.ui.workbench_3.118.0.v20200222-0719.jar:?]
	at org.eclipse.ui.PlatformUI.createAndRunWorkbench(PlatformUI.java:154) [org.eclipse.ui.workbench_3.118.0.v20200222-0719.jar:?]
	at com.xilinx.ide.application.ui.Application.start(Application.java:80) [com.xilinx.ide.application.ui_1.0.0.202305040745.jar:?]
	at org.eclipse.equinox.internal.app.EclipseAppHandle.run(EclipseAppHandle.java:203) [org.eclipse.equinox.app_1.4.400.v20191212-0743.jar:?]
	at org.eclipse.core.runtime.internal.adaptor.EclipseAppLauncher.runApplication(EclipseAppLauncher.java:137) [org.eclipse.osgi_3.15.200.v20200214-1600.jar:?]
	at org.eclipse.core.runtime.internal.adaptor.EclipseAppLauncher.start(EclipseAppLauncher.java:107) [org.eclipse.osgi_3.15.200.v20200214-1600.jar:?]
	at org.eclipse.core.runtime.adaptor.EclipseStarter.run(EclipseStarter.java:401) [org.eclipse.osgi_3.15.200.v20200214-1600.jar:?]
	at org.eclipse.core.runtime.adaptor.EclipseStarter.run(EclipseStarter.java:255) [org.eclipse.osgi_3.15.200.v20200214-1600.jar:?]
	at jdk.internal.reflect.NativeMethodAccessorImpl.invoke0(Native Method) ~[?:?]
	at jdk.internal.reflect.NativeMethodAccessorImpl.invoke(NativeMethodAccessorImpl.java:62) ~[?:?]
	at jdk.internal.reflect.DelegatingMethodAccessorImpl.invoke(DelegatingMethodAccessorImpl.java:43) ~[?:?]
	at java.lang.reflect.Method.invoke(Method.java:566) ~[?:?]
	at org.eclipse.equinox.launcher.Main.invokeFramework(Main.java:657) [org.eclipse.equinox.launcher_1.5.700.v20200207-2156.jar:?]
	at org.eclipse.equinox.launcher.Main.basicRun(Main.java:594) [org.eclipse.equinox.launcher_1.5.700.v20200207-2156.jar:?]
	at org.eclipse.equinox.launcher.Main.run(Main.java:1447) [org.eclipse.equinox.launcher_1.5.700.v20200207-2156.jar:?]
16:38:51 INFO  : Result from executing command 'removePlatformRepo': 
16:39:19 INFO  : Result from executing command 'getProjects': zybo
16:39:19 INFO  : Result from executing command 'getPlatforms': xilinx_vck190_base_202310_1|C:/Xilinx/Vitis/2023.1/base_platforms/xilinx_vck190_base_202310_1/xilinx_vck190_base_202310_1.xpfm;xilinx_vck190_base_dfx_202310_1|C:/Xilinx/Vitis/2023.1/base_platforms/xilinx_vck190_base_dfx_202310_1/xilinx_vck190_base_dfx_202310_1.xpfm;xilinx_vek280_es1_base_202310_1|C:/Xilinx/Vitis/2023.1/base_platforms/xilinx_vek280_es1_base_202310_1/xilinx_vek280_es1_base_202310_1.xpfm;xilinx_vmk180_base_202310_1|C:/Xilinx/Vitis/2023.1/base_platforms/xilinx_vmk180_base_202310_1/xilinx_vmk180_base_202310_1.xpfm;xilinx_zcu102_base_202310_1|C:/Xilinx/Vitis/2023.1/base_platforms/xilinx_zcu102_base_202310_1/xilinx_zcu102_base_202310_1.xpfm;xilinx_zcu102_base_dfx_202310_1|C:/Xilinx/Vitis/2023.1/base_platforms/xilinx_zcu102_base_dfx_202310_1/xilinx_zcu102_base_dfx_202310_1.xpfm;xilinx_zcu104_base_202310_1|C:/Xilinx/Vitis/2023.1/base_platforms/xilinx_zcu104_base_202310_1/xilinx_zcu104_base_202310_1.xpfm
16:39:20 INFO  : Checking for BSP changes to sync application flags for project 'zybo_app'...
16:39:22 INFO  : Updating application flags with new BSP settings...
16:39:22 ERROR : Failed to update application flags from BSP for 'zybo_app'. Reason: null
java.lang.NullPointerException: null
	at com.xilinx.sdk.sw.internal.SwDb.getComponentAppCompilerFlags(SwDb.java:761) ~[com.xilinx.sdk.sw_1.0.0.202305040745.jar:?]
	at com.xilinx.sdx.sw.internal.SDxSwPlatform.getSwPlatformCompilerFlags(SDxSwPlatform.java:1177) ~[com.xilinx.sdx.sw_1.0.0.202305040745.jar:?]
	at com.xilinx.sdx.sdk.core.build.AppSwBuildOptionsHelper.inferSwPlatformFlags(AppSwBuildOptionsHelper.java:54) ~[com.xilinx.sdx.sdk.core_1.0.0.202305040745.jar:?]
	at com.xilinx.sdx.sdk.core.build.AppSwBuildOptionsHelper.updateBuildOptions(AppSwBuildOptionsHelper.java:46) ~[com.xilinx.sdx.sdk.core_1.0.0.202305040745.jar:?]
	at com.xilinx.sdx.sdk.core.build.SdkMakefileGenerationListener.updateSwBuildOptions(SdkMakefileGenerationListener.java:215) ~[com.xilinx.sdx.sdk.core_1.0.0.202305040745.jar:?]
	at com.xilinx.sdx.sdk.core.build.SdkMakefileGenerationListener.syncAppFlags(SdkMakefileGenerationListener.java:99) [com.xilinx.sdx.sdk.core_1.0.0.202305040745.jar:?]
	at com.xilinx.sdx.sdk.core.build.SdkMakefileGenerationListener.preMakefileGeneration(SdkMakefileGenerationListener.java:48) [com.xilinx.sdx.sdk.core_1.0.0.202305040745.jar:?]
	at com.xilinx.sdk.managedbuilder.XilinxGnuMakefileGenerator.notifyPreMakefileGenerationListeners(XilinxGnuMakefileGenerator.java:91) [com.xilinx.sdk.managedbuilder_1.0.0.202305040745.jar:?]
	at com.xilinx.sdk.managedbuilder.XilinxGnuMakefileGenerator.regenerateMakefiles(XilinxGnuMakefileGenerator.java:75) [com.xilinx.sdk.managedbuilder_1.0.0.202305040745.jar:?]
	at org.eclipse.cdt.managedbuilder.internal.core.CommonBuilder.performMakefileGeneration(CommonBuilder.java:1006) [org.eclipse.cdt.managedbuilder.core_8.6.0.201802261533.jar:?]
	at org.eclipse.cdt.managedbuilder.internal.core.CommonBuilder.performPrebuildGeneration(CommonBuilder.java:873) [org.eclipse.cdt.managedbuilder.core_8.6.0.201802261533.jar:?]
	at org.eclipse.cdt.managedbuilder.internal.core.CommonBuilder.build(CommonBuilder.java:748) [org.eclipse.cdt.managedbuilder.core_8.6.0.201802261533.jar:?]
	at org.eclipse.cdt.managedbuilder.internal.core.CommonBuilder.build(CommonBuilder.java:513) [org.eclipse.cdt.managedbuilder.core_8.6.0.201802261533.jar:?]
	at org.eclipse.cdt.managedbuilder.internal.core.CommonBuilder.build(CommonBuilder.java:459) [org.eclipse.cdt.managedbuilder.core_8.6.0.201802261533.jar:?]
	at org.eclipse.core.internal.events.BuildManager$2.run(BuildManager.java:832) [org.eclipse.core.resources_3.13.700.v20200209-1624.jar:?]
	at org.eclipse.core.runtime.SafeRunner.run(SafeRunner.java:45) [org.eclipse.equinox.common_3.11.0.v20200206-0817.jar:?]
	at org.eclipse.core.internal.events.BuildManager.basicBuild(BuildManager.java:220) [org.eclipse.core.resources_3.13.700.v20200209-1624.jar:?]
	at org.eclipse.core.internal.events.BuildManager.basicBuild(BuildManager.java:263) [org.eclipse.core.resources_3.13.700.v20200209-1624.jar:?]
	at org.eclipse.core.internal.events.BuildManager$1.run(BuildManager.java:316) [org.eclipse.core.resources_3.13.700.v20200209-1624.jar:?]
	at org.eclipse.core.runtime.SafeRunner.run(SafeRunner.java:45) [org.eclipse.equinox.common_3.11.0.v20200206-0817.jar:?]
	at org.eclipse.core.internal.events.BuildManager.basicBuild(BuildManager.java:319) [org.eclipse.core.resources_3.13.700.v20200209-1624.jar:?]
	at org.eclipse.core.internal.events.BuildManager.basicBuildLoop(BuildManager.java:371) [org.eclipse.core.resources_3.13.700.v20200209-1624.jar:?]
	at org.eclipse.core.internal.events.BuildManager.build(BuildManager.java:392) [org.eclipse.core.resources_3.13.700.v20200209-1624.jar:?]
	at org.eclipse.core.internal.resources.Workspace.buildInternal(Workspace.java:515) [org.eclipse.core.resources_3.13.700.v20200209-1624.jar:?]
	at org.eclipse.core.internal.resources.Workspace.build(Workspace.java:412) [org.eclipse.core.resources_3.13.700.v20200209-1624.jar:?]
	at org.eclipse.ui.actions.BuildAction$1.runInWorkspace(BuildAction.java:291) [org.eclipse.ui.ide_3.17.0.v20200217-1511.jar:?]
	at org.eclipse.core.internal.resources.InternalWorkspaceJob.run(InternalWorkspaceJob.java:42) [org.eclipse.core.resources_3.13.700.v20200209-1624.jar:?]
	at org.eclipse.core.internal.jobs.Worker.run(Worker.java:63) [org.eclipse.core.jobs_3.10.700.v20200106-1020.jar:?]
16:39:23 INFO  : The hardware specification used by project 'zybo_app' is out of sync with the platform. Resource files extracted from the hardware specification will be updated.
16:39:23 INFO  : The file 'C:\FHNW\prj2\fhnw_zt\5_vitis\ws\zybo_app\_ide\bitstream\bd_wrapper.bit' stored in project is removed.
16:39:23 INFO  : The updated bitstream files are copied from platform to folder 'C:\FHNW\prj2\fhnw_zt\5_vitis\ws\zybo_app\_ide\bitstream' in project 'zybo_app'.
16:39:23 INFO  : The file 'C:\FHNW\prj2\fhnw_zt\5_vitis\ws\zybo_app\_ide\psinit\ps7_init.tcl' stored in project is removed.
16:39:28 INFO  : The updated ps init files are copied from platform to folder 'C:\FHNW\prj2\fhnw_zt\5_vitis\ws\zybo_app\_ide\psinit' in project 'zybo_app'.
16:39:41 INFO  : Checking for BSP changes to sync application flags for project 'zybo_app'...
16:39:41 INFO  : Updating application flags with new BSP settings...
16:39:41 ERROR : Failed to update application flags from BSP for 'zybo_app'. Reason: null
java.lang.NullPointerException: null
	at com.xilinx.sdk.sw.internal.SwDb.getComponentAppCompilerFlags(SwDb.java:761) ~[com.xilinx.sdk.sw_1.0.0.202305040745.jar:?]
	at com.xilinx.sdx.sw.internal.SDxSwPlatform.getSwPlatformCompilerFlags(SDxSwPlatform.java:1177) ~[com.xilinx.sdx.sw_1.0.0.202305040745.jar:?]
	at com.xilinx.sdx.sdk.core.build.AppSwBuildOptionsHelper.inferSwPlatformFlags(AppSwBuildOptionsHelper.java:54) ~[com.xilinx.sdx.sdk.core_1.0.0.202305040745.jar:?]
	at com.xilinx.sdx.sdk.core.build.AppSwBuildOptionsHelper.updateBuildOptions(AppSwBuildOptionsHelper.java:46) ~[com.xilinx.sdx.sdk.core_1.0.0.202305040745.jar:?]
	at com.xilinx.sdx.sdk.core.build.SdkMakefileGenerationListener.updateSwBuildOptions(SdkMakefileGenerationListener.java:215) ~[com.xilinx.sdx.sdk.core_1.0.0.202305040745.jar:?]
	at com.xilinx.sdx.sdk.core.build.SdkMakefileGenerationListener.syncAppFlags(SdkMakefileGenerationListener.java:99) [com.xilinx.sdx.sdk.core_1.0.0.202305040745.jar:?]
	at com.xilinx.sdx.sdk.core.build.SdkMakefileGenerationListener.preMakefileGeneration(SdkMakefileGenerationListener.java:48) [com.xilinx.sdx.sdk.core_1.0.0.202305040745.jar:?]
	at com.xilinx.sdk.managedbuilder.XilinxGnuMakefileGenerator.notifyPreMakefileGenerationListeners(XilinxGnuMakefileGenerator.java:91) [com.xilinx.sdk.managedbuilder_1.0.0.202305040745.jar:?]
	at com.xilinx.sdk.managedbuilder.XilinxGnuMakefileGenerator.generateMakefiles(XilinxGnuMakefileGenerator.java:40) [com.xilinx.sdk.managedbuilder_1.0.0.202305040745.jar:?]
	at org.eclipse.cdt.managedbuilder.internal.core.CommonBuilder.performMakefileGeneration(CommonBuilder.java:1008) [org.eclipse.cdt.managedbuilder.core_8.6.0.201802261533.jar:?]
	at org.eclipse.cdt.managedbuilder.internal.core.CommonBuilder.performPrebuildGeneration(CommonBuilder.java:873) [org.eclipse.cdt.managedbuilder.core_8.6.0.201802261533.jar:?]
	at org.eclipse.cdt.managedbuilder.internal.core.CommonBuilder.build(CommonBuilder.java:748) [org.eclipse.cdt.managedbuilder.core_8.6.0.201802261533.jar:?]
	at org.eclipse.cdt.managedbuilder.internal.core.CommonBuilder.build(CommonBuilder.java:510) [org.eclipse.cdt.managedbuilder.core_8.6.0.201802261533.jar:?]
	at org.eclipse.cdt.managedbuilder.internal.core.CommonBuilder.build(CommonBuilder.java:459) [org.eclipse.cdt.managedbuilder.core_8.6.0.201802261533.jar:?]
	at org.eclipse.core.internal.events.BuildManager$2.run(BuildManager.java:832) [org.eclipse.core.resources_3.13.700.v20200209-1624.jar:?]
	at org.eclipse.core.runtime.SafeRunner.run(SafeRunner.java:45) [org.eclipse.equinox.common_3.11.0.v20200206-0817.jar:?]
	at org.eclipse.core.internal.events.BuildManager.basicBuild(BuildManager.java:220) [org.eclipse.core.resources_3.13.700.v20200209-1624.jar:?]
	at org.eclipse.core.internal.events.BuildManager.basicBuild(BuildManager.java:263) [org.eclipse.core.resources_3.13.700.v20200209-1624.jar:?]
	at org.eclipse.core.internal.events.BuildManager$1.run(BuildManager.java:316) [org.eclipse.core.resources_3.13.700.v20200209-1624.jar:?]
	at org.eclipse.core.runtime.SafeRunner.run(SafeRunner.java:45) [org.eclipse.equinox.common_3.11.0.v20200206-0817.jar:?]
	at org.eclipse.core.internal.events.BuildManager.basicBuild(BuildManager.java:319) [org.eclipse.core.resources_3.13.700.v20200209-1624.jar:?]
	at org.eclipse.core.internal.events.BuildManager.basicBuildLoop(BuildManager.java:371) [org.eclipse.core.resources_3.13.700.v20200209-1624.jar:?]
	at org.eclipse.core.internal.events.BuildManager.build(BuildManager.java:392) [org.eclipse.core.resources_3.13.700.v20200209-1624.jar:?]
	at org.eclipse.core.internal.resources.Workspace.buildInternal(Workspace.java:515) [org.eclipse.core.resources_3.13.700.v20200209-1624.jar:?]
	at org.eclipse.core.internal.resources.Workspace.build(Workspace.java:412) [org.eclipse.core.resources_3.13.700.v20200209-1624.jar:?]
	at org.eclipse.ui.actions.BuildAction$1.runInWorkspace(BuildAction.java:291) [org.eclipse.ui.ide_3.17.0.v20200217-1511.jar:?]
	at org.eclipse.core.internal.resources.InternalWorkspaceJob.run(InternalWorkspaceJob.java:42) [org.eclipse.core.resources_3.13.700.v20200209-1624.jar:?]
	at org.eclipse.core.internal.jobs.Worker.run(Worker.java:63) [org.eclipse.core.jobs_3.10.700.v20200106-1020.jar:?]
16:44:39 INFO  : Invoking Bootgen: bootgen -image BOOT.bif -arch zynq -o C:/FHNW/prj2/fhnw_zt/5_vitis/ws/BOOT.bin
16:44:39 INFO  : Creating new bif file C:\FHNW\prj2\fhnw_zt\5_vitis\ws\BOOT.bif
16:44:41 INFO  : Bootgen command execution is done.
16:48:46 INFO  : Checking for BSP changes to sync application flags for project 'zybo_app'...
16:48:46 INFO  : Updating application flags with new BSP settings...
16:48:46 ERROR : Failed to update application flags from BSP for 'zybo_app'. Reason: null
java.lang.NullPointerException: null
	at com.xilinx.sdk.sw.internal.SwDb.getComponentAppCompilerFlags(SwDb.java:761) ~[com.xilinx.sdk.sw_1.0.0.202305040745.jar:?]
	at com.xilinx.sdx.sw.internal.SDxSwPlatform.getSwPlatformCompilerFlags(SDxSwPlatform.java:1177) ~[com.xilinx.sdx.sw_1.0.0.202305040745.jar:?]
	at com.xilinx.sdx.sdk.core.build.AppSwBuildOptionsHelper.inferSwPlatformFlags(AppSwBuildOptionsHelper.java:54) ~[com.xilinx.sdx.sdk.core_1.0.0.202305040745.jar:?]
	at com.xilinx.sdx.sdk.core.build.AppSwBuildOptionsHelper.updateBuildOptions(AppSwBuildOptionsHelper.java:46) ~[com.xilinx.sdx.sdk.core_1.0.0.202305040745.jar:?]
	at com.xilinx.sdx.sdk.core.build.SdkMakefileGenerationListener.updateSwBuildOptions(SdkMakefileGenerationListener.java:215) ~[com.xilinx.sdx.sdk.core_1.0.0.202305040745.jar:?]
	at com.xilinx.sdx.sdk.core.build.SdkMakefileGenerationListener.syncAppFlags(SdkMakefileGenerationListener.java:99) [com.xilinx.sdx.sdk.core_1.0.0.202305040745.jar:?]
	at com.xilinx.sdx.sdk.core.build.SdkMakefileGenerationListener.preMakefileGeneration(SdkMakefileGenerationListener.java:48) [com.xilinx.sdx.sdk.core_1.0.0.202305040745.jar:?]
	at com.xilinx.sdk.managedbuilder.XilinxGnuMakefileGenerator.notifyPreMakefileGenerationListeners(XilinxGnuMakefileGenerator.java:91) [com.xilinx.sdk.managedbuilder_1.0.0.202305040745.jar:?]
	at com.xilinx.sdk.managedbuilder.XilinxGnuMakefileGenerator.generateMakefiles(XilinxGnuMakefileGenerator.java:40) [com.xilinx.sdk.managedbuilder_1.0.0.202305040745.jar:?]
	at org.eclipse.cdt.managedbuilder.internal.core.CommonBuilder.performMakefileGeneration(CommonBuilder.java:1008) [org.eclipse.cdt.managedbuilder.core_8.6.0.201802261533.jar:?]
	at org.eclipse.cdt.managedbuilder.internal.core.CommonBuilder.performPrebuildGeneration(CommonBuilder.java:873) [org.eclipse.cdt.managedbuilder.core_8.6.0.201802261533.jar:?]
	at org.eclipse.cdt.managedbuilder.internal.core.CommonBuilder.build(CommonBuilder.java:748) [org.eclipse.cdt.managedbuilder.core_8.6.0.201802261533.jar:?]
	at org.eclipse.cdt.managedbuilder.internal.core.CommonBuilder.build(CommonBuilder.java:510) [org.eclipse.cdt.managedbuilder.core_8.6.0.201802261533.jar:?]
	at org.eclipse.cdt.managedbuilder.internal.core.CommonBuilder.build(CommonBuilder.java:459) [org.eclipse.cdt.managedbuilder.core_8.6.0.201802261533.jar:?]
	at org.eclipse.core.internal.events.BuildManager$2.run(BuildManager.java:832) [org.eclipse.core.resources_3.13.700.v20200209-1624.jar:?]
	at org.eclipse.core.runtime.SafeRunner.run(SafeRunner.java:45) [org.eclipse.equinox.common_3.11.0.v20200206-0817.jar:?]
	at org.eclipse.core.internal.events.BuildManager.basicBuild(BuildManager.java:220) [org.eclipse.core.resources_3.13.700.v20200209-1624.jar:?]
	at org.eclipse.core.internal.events.BuildManager.basicBuild(BuildManager.java:263) [org.eclipse.core.resources_3.13.700.v20200209-1624.jar:?]
	at org.eclipse.core.internal.events.BuildManager$1.run(BuildManager.java:316) [org.eclipse.core.resources_3.13.700.v20200209-1624.jar:?]
	at org.eclipse.core.runtime.SafeRunner.run(SafeRunner.java:45) [org.eclipse.equinox.common_3.11.0.v20200206-0817.jar:?]
	at org.eclipse.core.internal.events.BuildManager.basicBuild(BuildManager.java:319) [org.eclipse.core.resources_3.13.700.v20200209-1624.jar:?]
	at org.eclipse.core.internal.events.BuildManager.basicBuildLoop(BuildManager.java:371) [org.eclipse.core.resources_3.13.700.v20200209-1624.jar:?]
	at org.eclipse.core.internal.events.BuildManager.build(BuildManager.java:392) [org.eclipse.core.resources_3.13.700.v20200209-1624.jar:?]
	at org.eclipse.core.internal.resources.Workspace.buildInternal(Workspace.java:515) [org.eclipse.core.resources_3.13.700.v20200209-1624.jar:?]
	at org.eclipse.core.internal.resources.Workspace.build(Workspace.java:412) [org.eclipse.core.resources_3.13.700.v20200209-1624.jar:?]
	at org.eclipse.ui.actions.BuildAction$1.runInWorkspace(BuildAction.java:291) [org.eclipse.ui.ide_3.17.0.v20200217-1511.jar:?]
	at org.eclipse.core.internal.resources.InternalWorkspaceJob.run(InternalWorkspaceJob.java:42) [org.eclipse.core.resources_3.13.700.v20200209-1624.jar:?]
	at org.eclipse.core.internal.jobs.Worker.run(Worker.java:63) [org.eclipse.core.jobs_3.10.700.v20200106-1020.jar:?]
16:51:57 INFO  : Connected to target on host '127.0.0.1' and port '3121'.
16:52:15 INFO  : ----------------XSDB Script----------------
connect -url tcp:127.0.0.1:3121
----------------End of Script----------------

16:52:15 ERROR : Could not find ARM device on the board for connection 'Local'.
Check if the target is in:
1. Split JTAG - No operations are possible with ARM DAP.
2. Non JTAG bootmode - Bootrom may need time to enable DAP.
Please try again.


Troubleshooting hints:
1. Check whether board is connected to system properly.
2. In case of zynq board, check whether Digilent/Xilinx cable switch settings are correct.
3. If you are using Xilinx Platform Cable USB, ensure that status LED is green.
16:52:31 INFO  : Connected to target on host '127.0.0.1' and port '3121'.
16:52:31 INFO  : Jtag cable 'Digilent Zybo Z7 210351B0FE18A' is selected.
16:52:31 INFO  : 'jtag frequency' command is executed.
16:52:31 INFO  : Context for 'APU' is selected.
16:52:31 INFO  : System reset is completed.
16:52:34 INFO  : 'after 3000' command is executed.
16:52:34 INFO  : 'targets -set -filter {jtag_cable_name =~ "Digilent Zybo Z7 210351B0FE18A" && level==0 && jtag_device_ctx=="jsn-Zybo Z7-210351B0FE18A-13722093-0"}' command is executed.
16:52:36 INFO  : Device configured successfully with "C:/FHNW/prj2/fhnw_zt/5_vitis/ws/zybo_app/_ide/bitstream/bd_wrapper.bit"
16:52:36 INFO  : Context for 'APU' is selected.
16:52:36 INFO  : Hardware design and registers information is loaded from 'C:/FHNW/prj2/fhnw_zt/5_vitis/ws/zybo/export/zybo/hw/bd_wrapper.xsa'.
16:52:36 INFO  : 'configparams force-mem-access 1' command is executed.
16:52:36 INFO  : Context for 'APU' is selected.
16:52:36 INFO  : Sourcing of 'C:/FHNW/prj2/fhnw_zt/5_vitis/ws/zybo_app/_ide/psinit/ps7_init.tcl' is done.
16:52:36 INFO  : 'ps7_init' command is executed.
16:52:36 INFO  : 'ps7_post_config' command is executed.
16:52:36 INFO  : Context for processor 'ps7_cortexa9_0' is selected.
16:52:36 INFO  : The application 'C:/FHNW/prj2/fhnw_zt/5_vitis/ws/zybo_app/Debug/zybo_app.elf' is downloaded to processor 'ps7_cortexa9_0'.
16:52:36 INFO  : 'configparams force-mem-access 0' command is executed.
16:52:36 INFO  : ----------------XSDB Script----------------
connect -url tcp:127.0.0.1:3121
targets -set -nocase -filter {name =~"APU*"}
rst -system
after 3000
targets -set -filter {jtag_cable_name =~ "Digilent Zybo Z7 210351B0FE18A" && level==0 && jtag_device_ctx=="jsn-Zybo Z7-210351B0FE18A-13722093-0"}
fpga -file C:/FHNW/prj2/fhnw_zt/5_vitis/ws/zybo_app/_ide/bitstream/bd_wrapper.bit
targets -set -nocase -filter {name =~"APU*"}
loadhw -hw C:/FHNW/prj2/fhnw_zt/5_vitis/ws/zybo/export/zybo/hw/bd_wrapper.xsa -mem-ranges [list {0x40000000 0xbfffffff}] -regs
configparams force-mem-access 1
targets -set -nocase -filter {name =~"APU*"}
source C:/FHNW/prj2/fhnw_zt/5_vitis/ws/zybo_app/_ide/psinit/ps7_init.tcl
ps7_init
ps7_post_config
targets -set -nocase -filter {name =~ "*A9*#0"}
dow C:/FHNW/prj2/fhnw_zt/5_vitis/ws/zybo_app/Debug/zybo_app.elf
configparams force-mem-access 0
----------------End of Script----------------

16:52:36 INFO  : Context for processor 'ps7_cortexa9_0' is selected.
16:52:36 INFO  : 'con' command is executed.
16:52:36 INFO  : ----------------XSDB Script (After Launch)----------------
targets -set -nocase -filter {name =~ "*A9*#0"}
con
----------------End of Script----------------

16:52:36 INFO  : Launch script is exported to file 'C:\FHNW\prj2\fhnw_zt\5_vitis\ws\zybo_app_system\_ide\scripts\debugger_zybo_app-default.tcl'
16:53:19 INFO  : Disconnected from the channel tcfchan#4.
16:53:27 INFO  : Connected to target on host '127.0.0.1' and port '3121'.
16:53:28 INFO  : Jtag cable 'Digilent Zybo Z7 210351B0FE18A' is selected.
16:53:28 INFO  : 'jtag frequency' command is executed.
16:53:28 INFO  : Context for 'APU' is selected.
16:53:28 INFO  : System reset is completed.
16:53:31 INFO  : 'after 3000' command is executed.
16:53:31 INFO  : 'targets -set -filter {jtag_cable_name =~ "Digilent Zybo Z7 210351B0FE18A" && level==0 && jtag_device_ctx=="jsn-Zybo Z7-210351B0FE18A-13722093-0"}' command is executed.
16:53:32 INFO  : Device configured successfully with "C:/FHNW/prj2/fhnw_zt/5_vitis/ws/zybo_app/_ide/bitstream/bd_wrapper.bit"
16:53:32 INFO  : Context for 'APU' is selected.
16:53:32 INFO  : Hardware design and registers information is loaded from 'C:/FHNW/prj2/fhnw_zt/5_vitis/ws/zybo/export/zybo/hw/bd_wrapper.xsa'.
16:53:32 INFO  : 'configparams force-mem-access 1' command is executed.
16:53:32 INFO  : Context for 'APU' is selected.
16:53:32 INFO  : Sourcing of 'C:/FHNW/prj2/fhnw_zt/5_vitis/ws/zybo_app/_ide/psinit/ps7_init.tcl' is done.
16:53:33 INFO  : 'ps7_init' command is executed.
16:53:33 INFO  : 'ps7_post_config' command is executed.
16:53:33 INFO  : Context for processor 'ps7_cortexa9_0' is selected.
16:53:33 INFO  : The application 'C:/FHNW/prj2/fhnw_zt/5_vitis/ws/zybo_app/Debug/zybo_app.elf' is downloaded to processor 'ps7_cortexa9_0'.
16:53:33 INFO  : 'configparams force-mem-access 0' command is executed.
16:53:33 INFO  : ----------------XSDB Script----------------
connect -url tcp:127.0.0.1:3121
targets -set -nocase -filter {name =~"APU*"}
rst -system
after 3000
targets -set -filter {jtag_cable_name =~ "Digilent Zybo Z7 210351B0FE18A" && level==0 && jtag_device_ctx=="jsn-Zybo Z7-210351B0FE18A-13722093-0"}
fpga -file C:/FHNW/prj2/fhnw_zt/5_vitis/ws/zybo_app/_ide/bitstream/bd_wrapper.bit
targets -set -nocase -filter {name =~"APU*"}
loadhw -hw C:/FHNW/prj2/fhnw_zt/5_vitis/ws/zybo/export/zybo/hw/bd_wrapper.xsa -mem-ranges [list {0x40000000 0xbfffffff}] -regs
configparams force-mem-access 1
targets -set -nocase -filter {name =~"APU*"}
source C:/FHNW/prj2/fhnw_zt/5_vitis/ws/zybo_app/_ide/psinit/ps7_init.tcl
ps7_init
ps7_post_config
targets -set -nocase -filter {name =~ "*A9*#0"}
dow C:/FHNW/prj2/fhnw_zt/5_vitis/ws/zybo_app/Debug/zybo_app.elf
configparams force-mem-access 0
----------------End of Script----------------

16:53:33 INFO  : Context for processor 'ps7_cortexa9_0' is selected.
16:53:33 INFO  : 'con' command is executed.
16:53:33 INFO  : ----------------XSDB Script (After Launch)----------------
targets -set -nocase -filter {name =~ "*A9*#0"}
con
----------------End of Script----------------

16:53:33 INFO  : Launch script is exported to file 'C:\FHNW\prj2\fhnw_zt\5_vitis\ws\zybo_app_system\_ide\scripts\debugger_zybo_app-default.tcl'
16:56:02 INFO  : Disconnected from the channel tcfchan#10.
16:56:21 INFO  : Connected to target on host '127.0.0.1' and port '3121'.
16:56:21 INFO  : Jtag cable 'Digilent Zybo Z7 210351B0FE18A' is selected.
16:56:21 INFO  : 'jtag frequency' command is executed.
16:56:21 INFO  : Context for 'APU' is selected.
16:56:21 INFO  : System reset is completed.
16:56:24 INFO  : 'after 3000' command is executed.
16:56:24 INFO  : 'targets -set -filter {jtag_cable_name =~ "Digilent Zybo Z7 210351B0FE18A" && level==0 && jtag_device_ctx=="jsn-Zybo Z7-210351B0FE18A-13722093-0"}' command is executed.
16:56:26 INFO  : Device configured successfully with "C:/FHNW/prj2/fhnw_zt/5_vitis/ws/zybo_app/_ide/bitstream/bd_wrapper.bit"
16:56:26 INFO  : Context for 'APU' is selected.
16:56:26 INFO  : Hardware design and registers information is loaded from 'C:/FHNW/prj2/fhnw_zt/5_vitis/ws/zybo/export/zybo/hw/bd_wrapper.xsa'.
16:56:26 INFO  : 'configparams force-mem-access 1' command is executed.
16:56:26 INFO  : Context for 'APU' is selected.
16:56:26 INFO  : Sourcing of 'C:/FHNW/prj2/fhnw_zt/5_vitis/ws/zybo_app/_ide/psinit/ps7_init.tcl' is done.
16:56:26 INFO  : 'ps7_init' command is executed.
16:56:26 INFO  : 'ps7_post_config' command is executed.
16:56:26 INFO  : Context for processor 'ps7_cortexa9_0' is selected.
16:56:26 INFO  : The application 'C:/FHNW/prj2/fhnw_zt/5_vitis/ws/zybo_app/Debug/zybo_app.elf' is downloaded to processor 'ps7_cortexa9_0'.
16:56:26 INFO  : 'configparams force-mem-access 0' command is executed.
16:56:26 INFO  : ----------------XSDB Script----------------
connect -url tcp:127.0.0.1:3121
targets -set -nocase -filter {name =~"APU*"}
rst -system
after 3000
targets -set -filter {jtag_cable_name =~ "Digilent Zybo Z7 210351B0FE18A" && level==0 && jtag_device_ctx=="jsn-Zybo Z7-210351B0FE18A-13722093-0"}
fpga -file C:/FHNW/prj2/fhnw_zt/5_vitis/ws/zybo_app/_ide/bitstream/bd_wrapper.bit
targets -set -nocase -filter {name =~"APU*"}
loadhw -hw C:/FHNW/prj2/fhnw_zt/5_vitis/ws/zybo/export/zybo/hw/bd_wrapper.xsa -mem-ranges [list {0x40000000 0xbfffffff}] -regs
configparams force-mem-access 1
targets -set -nocase -filter {name =~"APU*"}
source C:/FHNW/prj2/fhnw_zt/5_vitis/ws/zybo_app/_ide/psinit/ps7_init.tcl
ps7_init
ps7_post_config
targets -set -nocase -filter {name =~ "*A9*#0"}
dow C:/FHNW/prj2/fhnw_zt/5_vitis/ws/zybo_app/Debug/zybo_app.elf
configparams force-mem-access 0
----------------End of Script----------------

16:56:26 INFO  : Context for processor 'ps7_cortexa9_0' is selected.
16:56:26 INFO  : 'con' command is executed.
16:56:26 INFO  : ----------------XSDB Script (After Launch)----------------
targets -set -nocase -filter {name =~ "*A9*#0"}
con
----------------End of Script----------------

16:56:26 INFO  : Launch script is exported to file 'C:\FHNW\prj2\fhnw_zt\5_vitis\ws\zybo_app_system\_ide\scripts\debugger_zybo_app-default.tcl'
16:58:02 INFO  : Disconnected from the channel tcfchan#11.
17:00:31 INFO  : Checking for BSP changes to sync application flags for project 'zybo_app'...
17:00:31 INFO  : Updating application flags with new BSP settings...
17:00:31 ERROR : Failed to update application flags from BSP for 'zybo_app'. Reason: null
java.lang.NullPointerException: null
	at com.xilinx.sdk.sw.internal.SwDb.getComponentAppCompilerFlags(SwDb.java:761) ~[com.xilinx.sdk.sw_1.0.0.202305040745.jar:?]
	at com.xilinx.sdx.sw.internal.SDxSwPlatform.getSwPlatformCompilerFlags(SDxSwPlatform.java:1177) ~[com.xilinx.sdx.sw_1.0.0.202305040745.jar:?]
	at com.xilinx.sdx.sdk.core.build.AppSwBuildOptionsHelper.inferSwPlatformFlags(AppSwBuildOptionsHelper.java:54) ~[com.xilinx.sdx.sdk.core_1.0.0.202305040745.jar:?]
	at com.xilinx.sdx.sdk.core.build.AppSwBuildOptionsHelper.updateBuildOptions(AppSwBuildOptionsHelper.java:46) ~[com.xilinx.sdx.sdk.core_1.0.0.202305040745.jar:?]
	at com.xilinx.sdx.sdk.core.build.SdkMakefileGenerationListener.updateSwBuildOptions(SdkMakefileGenerationListener.java:215) ~[com.xilinx.sdx.sdk.core_1.0.0.202305040745.jar:?]
	at com.xilinx.sdx.sdk.core.build.SdkMakefileGenerationListener.syncAppFlags(SdkMakefileGenerationListener.java:99) [com.xilinx.sdx.sdk.core_1.0.0.202305040745.jar:?]
	at com.xilinx.sdx.sdk.core.build.SdkMakefileGenerationListener.preMakefileGeneration(SdkMakefileGenerationListener.java:48) [com.xilinx.sdx.sdk.core_1.0.0.202305040745.jar:?]
	at com.xilinx.sdk.managedbuilder.XilinxGnuMakefileGenerator.notifyPreMakefileGenerationListeners(XilinxGnuMakefileGenerator.java:91) [com.xilinx.sdk.managedbuilder_1.0.0.202305040745.jar:?]
	at com.xilinx.sdk.managedbuilder.XilinxGnuMakefileGenerator.generateMakefiles(XilinxGnuMakefileGenerator.java:40) [com.xilinx.sdk.managedbuilder_1.0.0.202305040745.jar:?]
	at org.eclipse.cdt.managedbuilder.internal.core.CommonBuilder.performMakefileGeneration(CommonBuilder.java:1008) [org.eclipse.cdt.managedbuilder.core_8.6.0.201802261533.jar:?]
	at org.eclipse.cdt.managedbuilder.internal.core.CommonBuilder.performPrebuildGeneration(CommonBuilder.java:873) [org.eclipse.cdt.managedbuilder.core_8.6.0.201802261533.jar:?]
	at org.eclipse.cdt.managedbuilder.internal.core.CommonBuilder.build(CommonBuilder.java:748) [org.eclipse.cdt.managedbuilder.core_8.6.0.201802261533.jar:?]
	at org.eclipse.cdt.managedbuilder.internal.core.CommonBuilder.build(CommonBuilder.java:510) [org.eclipse.cdt.managedbuilder.core_8.6.0.201802261533.jar:?]
	at org.eclipse.cdt.managedbuilder.internal.core.CommonBuilder.build(CommonBuilder.java:459) [org.eclipse.cdt.managedbuilder.core_8.6.0.201802261533.jar:?]
	at org.eclipse.core.internal.events.BuildManager$2.run(BuildManager.java:832) [org.eclipse.core.resources_3.13.700.v20200209-1624.jar:?]
	at org.eclipse.core.runtime.SafeRunner.run(SafeRunner.java:45) [org.eclipse.equinox.common_3.11.0.v20200206-0817.jar:?]
	at org.eclipse.core.internal.events.BuildManager.basicBuild(BuildManager.java:220) [org.eclipse.core.resources_3.13.700.v20200209-1624.jar:?]
	at org.eclipse.core.internal.events.BuildManager.basicBuild(BuildManager.java:263) [org.eclipse.core.resources_3.13.700.v20200209-1624.jar:?]
	at org.eclipse.core.internal.events.BuildManager$1.run(BuildManager.java:316) [org.eclipse.core.resources_3.13.700.v20200209-1624.jar:?]
	at org.eclipse.core.runtime.SafeRunner.run(SafeRunner.java:45) [org.eclipse.equinox.common_3.11.0.v20200206-0817.jar:?]
	at org.eclipse.core.internal.events.BuildManager.basicBuild(BuildManager.java:319) [org.eclipse.core.resources_3.13.700.v20200209-1624.jar:?]
	at org.eclipse.core.internal.events.BuildManager.basicBuildLoop(BuildManager.java:371) [org.eclipse.core.resources_3.13.700.v20200209-1624.jar:?]
	at org.eclipse.core.internal.events.BuildManager.build(BuildManager.java:392) [org.eclipse.core.resources_3.13.700.v20200209-1624.jar:?]
	at org.eclipse.core.internal.resources.Workspace.buildInternal(Workspace.java:515) [org.eclipse.core.resources_3.13.700.v20200209-1624.jar:?]
	at org.eclipse.core.internal.resources.Workspace.build(Workspace.java:412) [org.eclipse.core.resources_3.13.700.v20200209-1624.jar:?]
	at org.eclipse.ui.actions.BuildAction$1.runInWorkspace(BuildAction.java:291) [org.eclipse.ui.ide_3.17.0.v20200217-1511.jar:?]
	at org.eclipse.core.internal.resources.InternalWorkspaceJob.run(InternalWorkspaceJob.java:42) [org.eclipse.core.resources_3.13.700.v20200209-1624.jar:?]
	at org.eclipse.core.internal.jobs.Worker.run(Worker.java:63) [org.eclipse.core.jobs_3.10.700.v20200106-1020.jar:?]
17:01:03 INFO  : Connected to target on host '127.0.0.1' and port '3121'.
17:01:04 INFO  : Jtag cable 'Digilent Zybo Z7 210351B0FE18A' is selected.
17:01:04 INFO  : 'jtag frequency' command is executed.
17:01:07 ERROR : no targets found with "name =~"APU*"". available targets:
  1  DAP (APB AP transaction error, DAP status 0x30000021)
  2  xc7z010
17:01:07 INFO  : ----------------XSDB Script----------------
connect -url tcp:127.0.0.1:3121
targets -set -nocase -filter {name =~"APU*"}
----------------End of Script----------------

17:01:07 ERROR : no targets found with "name =~"APU*"". available targets:
  1  DAP (APB AP transaction error, DAP status 0x30000021)
  2  xc7z010
17:01:54 INFO  : Connected to target on host '127.0.0.1' and port '3121'.
17:01:54 INFO  : Jtag cable 'Digilent Zybo Z7 210351B0FE18A' is selected.
17:01:54 INFO  : 'jtag frequency' command is executed.
17:01:57 ERROR : no targets found with "name =~"APU*"". available targets:
  1  DAP (APB AP transaction error, DAP status 0x30000021)
  2  xc7z010
17:01:57 INFO  : ----------------XSDB Script----------------
connect -url tcp:127.0.0.1:3121
targets -set -nocase -filter {name =~"APU*"}
----------------End of Script----------------

17:01:57 ERROR : no targets found with "name =~"APU*"". available targets:
  1  DAP (APB AP transaction error, DAP status 0x30000021)
  2  xc7z010
17:02:16 INFO  : Connected to target on host '127.0.0.1' and port '3121'.
17:02:16 INFO  : Jtag cable 'Digilent Zybo Z7 210351B0FE18A' is selected.
17:02:16 INFO  : 'jtag frequency' command is executed.
17:02:16 INFO  : Context for 'APU' is selected.
17:02:16 INFO  : System reset is completed.
17:02:19 INFO  : 'after 3000' command is executed.
17:02:19 INFO  : 'targets -set -filter {jtag_cable_name =~ "Digilent Zybo Z7 210351B0FE18A" && level==0 && jtag_device_ctx=="jsn-Zybo Z7-210351B0FE18A-13722093-0"}' command is executed.
17:02:21 INFO  : Device configured successfully with "C:/FHNW/prj2/fhnw_zt/5_vitis/ws/zybo_app/_ide/bitstream/bd_wrapper.bit"
17:02:21 INFO  : Context for 'APU' is selected.
17:02:21 INFO  : Hardware design and registers information is loaded from 'C:/FHNW/prj2/fhnw_zt/5_vitis/ws/zybo/export/zybo/hw/bd_wrapper.xsa'.
17:02:21 INFO  : 'configparams force-mem-access 1' command is executed.
17:02:21 INFO  : Context for 'APU' is selected.
17:02:21 INFO  : Sourcing of 'C:/FHNW/prj2/fhnw_zt/5_vitis/ws/zybo_app/_ide/psinit/ps7_init.tcl' is done.
17:02:21 INFO  : 'ps7_init' command is executed.
17:02:21 INFO  : 'ps7_post_config' command is executed.
17:02:21 INFO  : Context for processor 'ps7_cortexa9_0' is selected.
17:02:21 INFO  : The application 'C:/FHNW/prj2/fhnw_zt/5_vitis/ws/zybo_app/Debug/zybo_app.elf' is downloaded to processor 'ps7_cortexa9_0'.
17:02:21 INFO  : 'configparams force-mem-access 0' command is executed.
17:02:21 INFO  : ----------------XSDB Script----------------
connect -url tcp:127.0.0.1:3121
targets -set -nocase -filter {name =~"APU*"}
rst -system
after 3000
targets -set -filter {jtag_cable_name =~ "Digilent Zybo Z7 210351B0FE18A" && level==0 && jtag_device_ctx=="jsn-Zybo Z7-210351B0FE18A-13722093-0"}
fpga -file C:/FHNW/prj2/fhnw_zt/5_vitis/ws/zybo_app/_ide/bitstream/bd_wrapper.bit
targets -set -nocase -filter {name =~"APU*"}
loadhw -hw C:/FHNW/prj2/fhnw_zt/5_vitis/ws/zybo/export/zybo/hw/bd_wrapper.xsa -mem-ranges [list {0x40000000 0xbfffffff}] -regs
configparams force-mem-access 1
targets -set -nocase -filter {name =~"APU*"}
source C:/FHNW/prj2/fhnw_zt/5_vitis/ws/zybo_app/_ide/psinit/ps7_init.tcl
ps7_init
ps7_post_config
targets -set -nocase -filter {name =~ "*A9*#0"}
dow C:/FHNW/prj2/fhnw_zt/5_vitis/ws/zybo_app/Debug/zybo_app.elf
configparams force-mem-access 0
----------------End of Script----------------

17:02:22 INFO  : Context for processor 'ps7_cortexa9_0' is selected.
17:02:22 INFO  : 'con' command is executed.
17:02:22 INFO  : ----------------XSDB Script (After Launch)----------------
targets -set -nocase -filter {name =~ "*A9*#0"}
con
----------------End of Script----------------

17:02:22 INFO  : Launch script is exported to file 'C:\FHNW\prj2\fhnw_zt\5_vitis\ws\zybo_app_system\_ide\scripts\debugger_zybo_app-default.tcl'
17:02:59 INFO  : Disconnected from the channel tcfchan#13.
17:03:05 INFO  : Connected to target on host '127.0.0.1' and port '3121'.
17:03:05 INFO  : Jtag cable 'Digilent Zybo Z7 210351B0FE18A' is selected.
17:03:06 INFO  : 'jtag frequency' command is executed.
17:03:06 INFO  : Context for 'APU' is selected.
17:03:06 INFO  : System reset is completed.
17:03:09 INFO  : 'after 3000' command is executed.
17:03:09 INFO  : 'targets -set -filter {jtag_cable_name =~ "Digilent Zybo Z7 210351B0FE18A" && level==0 && jtag_device_ctx=="jsn-Zybo Z7-210351B0FE18A-13722093-0"}' command is executed.
17:03:10 INFO  : Device configured successfully with "C:/FHNW/prj2/fhnw_zt/5_vitis/ws/zybo_app/_ide/bitstream/bd_wrapper.bit"
17:03:10 INFO  : Context for 'APU' is selected.
17:03:10 INFO  : Hardware design and registers information is loaded from 'C:/FHNW/prj2/fhnw_zt/5_vitis/ws/zybo/export/zybo/hw/bd_wrapper.xsa'.
17:03:10 INFO  : 'configparams force-mem-access 1' command is executed.
17:03:10 INFO  : Context for 'APU' is selected.
17:03:10 INFO  : Sourcing of 'C:/FHNW/prj2/fhnw_zt/5_vitis/ws/zybo_app/_ide/psinit/ps7_init.tcl' is done.
17:03:10 INFO  : 'ps7_init' command is executed.
17:03:10 INFO  : 'ps7_post_config' command is executed.
17:03:10 INFO  : Context for processor 'ps7_cortexa9_0' is selected.
17:03:10 INFO  : The application 'C:/FHNW/prj2/fhnw_zt/5_vitis/ws/zybo_app/Debug/zybo_app.elf' is downloaded to processor 'ps7_cortexa9_0'.
17:03:11 INFO  : 'configparams force-mem-access 0' command is executed.
17:03:11 INFO  : ----------------XSDB Script----------------
connect -url tcp:127.0.0.1:3121
targets -set -nocase -filter {name =~"APU*"}
rst -system
after 3000
targets -set -filter {jtag_cable_name =~ "Digilent Zybo Z7 210351B0FE18A" && level==0 && jtag_device_ctx=="jsn-Zybo Z7-210351B0FE18A-13722093-0"}
fpga -file C:/FHNW/prj2/fhnw_zt/5_vitis/ws/zybo_app/_ide/bitstream/bd_wrapper.bit
targets -set -nocase -filter {name =~"APU*"}
loadhw -hw C:/FHNW/prj2/fhnw_zt/5_vitis/ws/zybo/export/zybo/hw/bd_wrapper.xsa -mem-ranges [list {0x40000000 0xbfffffff}] -regs
configparams force-mem-access 1
targets -set -nocase -filter {name =~"APU*"}
source C:/FHNW/prj2/fhnw_zt/5_vitis/ws/zybo_app/_ide/psinit/ps7_init.tcl
ps7_init
ps7_post_config
targets -set -nocase -filter {name =~ "*A9*#0"}
dow C:/FHNW/prj2/fhnw_zt/5_vitis/ws/zybo_app/Debug/zybo_app.elf
configparams force-mem-access 0
----------------End of Script----------------

17:03:11 INFO  : Context for processor 'ps7_cortexa9_0' is selected.
17:03:11 INFO  : 'con' command is executed.
17:03:11 INFO  : ----------------XSDB Script (After Launch)----------------
targets -set -nocase -filter {name =~ "*A9*#0"}
con
----------------End of Script----------------

17:03:11 INFO  : Launch script is exported to file 'C:\FHNW\prj2\fhnw_zt\5_vitis\ws\zybo_app_system\_ide\scripts\debugger_zybo_app-default.tcl'
17:04:42 INFO  : Disconnected from the channel tcfchan#14.
17:17:27 DEBUG : Logs will be stored at 'C:/FHNW/prj2/fhnw_zt/5_vitis/ws/IDE.log'.
17:17:28 INFO  : Launching XSCT server: xsct.bat -n  -interactive C:\FHNW\prj2\fhnw_zt\5_vitis\ws\temp_xsdb_launch_script.tcl
17:17:30 INFO  : XSCT server has started successfully.
17:17:30 INFO  : Successfully done setting XSCT server connection channel  
17:17:30 INFO  : plnx-install-location is set to ''
17:17:30 INFO  : Successfully done setting workspace for the tool. 
17:17:38 INFO  : Registering command handlers for Vitis TCF services
17:17:38 INFO  : Successfully done query RDI_DATADIR 
17:17:39 INFO  : Platform repository initialization has completed.
18:35:10 DEBUG : Logs will be stored at 'C:/FHNW/prj2/fhnw_zt/5_vitis/ws/IDE.log'.
18:35:10 INFO  : Launching XSCT server: xsct.bat -n  -interactive C:\FHNW\prj2\fhnw_zt\5_vitis\ws\temp_xsdb_launch_script.tcl
18:35:12 INFO  : XSCT server has started successfully.
18:35:12 INFO  : plnx-install-location is set to ''
18:35:12 INFO  : Successfully done setting XSCT server connection channel  
18:35:12 INFO  : Successfully done setting workspace for the tool. 
18:35:15 INFO  : Successfully done query RDI_DATADIR 
18:35:15 INFO  : Registering command handlers for Vitis TCF services
18:35:16 INFO  : Platform repository initialization has completed.
18:35:34 ERROR : (XSDB Server)couldn't change working directory to "C:FHNWprj2hnw_zt_vitisws": no such file or directory

18:36:22 INFO  : Result from executing command 'getProjects': zybo
18:36:22 INFO  : Result from executing command 'getPlatforms': xilinx_vck190_base_202310_1|C:/Xilinx/Vitis/2023.1/base_platforms/xilinx_vck190_base_202310_1/xilinx_vck190_base_202310_1.xpfm;xilinx_vck190_base_dfx_202310_1|C:/Xilinx/Vitis/2023.1/base_platforms/xilinx_vck190_base_dfx_202310_1/xilinx_vck190_base_dfx_202310_1.xpfm;xilinx_vek280_es1_base_202310_1|C:/Xilinx/Vitis/2023.1/base_platforms/xilinx_vek280_es1_base_202310_1/xilinx_vek280_es1_base_202310_1.xpfm;xilinx_vmk180_base_202310_1|C:/Xilinx/Vitis/2023.1/base_platforms/xilinx_vmk180_base_202310_1/xilinx_vmk180_base_202310_1.xpfm;xilinx_zcu102_base_202310_1|C:/Xilinx/Vitis/2023.1/base_platforms/xilinx_zcu102_base_202310_1/xilinx_zcu102_base_202310_1.xpfm;xilinx_zcu102_base_dfx_202310_1|C:/Xilinx/Vitis/2023.1/base_platforms/xilinx_zcu102_base_dfx_202310_1/xilinx_zcu102_base_dfx_202310_1.xpfm;xilinx_zcu104_base_202310_1|C:/Xilinx/Vitis/2023.1/base_platforms/xilinx_zcu104_base_202310_1/xilinx_zcu104_base_202310_1.xpfm;zybo|C:/FHNW/prj2/fhnw_zt/5_vitis/ws/zybo/export/zybo/zybo.xpfm
18:36:22 INFO  : Result from executing command 'getProjects': zybo
18:36:22 INFO  : Result from executing command 'getPlatforms': xilinx_vck190_base_202310_1|C:/Xilinx/Vitis/2023.1/base_platforms/xilinx_vck190_base_202310_1/xilinx_vck190_base_202310_1.xpfm;xilinx_vck190_base_dfx_202310_1|C:/Xilinx/Vitis/2023.1/base_platforms/xilinx_vck190_base_dfx_202310_1/xilinx_vck190_base_dfx_202310_1.xpfm;xilinx_vek280_es1_base_202310_1|C:/Xilinx/Vitis/2023.1/base_platforms/xilinx_vek280_es1_base_202310_1/xilinx_vek280_es1_base_202310_1.xpfm;xilinx_vmk180_base_202310_1|C:/Xilinx/Vitis/2023.1/base_platforms/xilinx_vmk180_base_202310_1/xilinx_vmk180_base_202310_1.xpfm;xilinx_zcu102_base_202310_1|C:/Xilinx/Vitis/2023.1/base_platforms/xilinx_zcu102_base_202310_1/xilinx_zcu102_base_202310_1.xpfm;xilinx_zcu102_base_dfx_202310_1|C:/Xilinx/Vitis/2023.1/base_platforms/xilinx_zcu102_base_dfx_202310_1/xilinx_zcu102_base_dfx_202310_1.xpfm;xilinx_zcu104_base_202310_1|C:/Xilinx/Vitis/2023.1/base_platforms/xilinx_zcu104_base_202310_1/xilinx_zcu104_base_202310_1.xpfm;zybo|C:/FHNW/prj2/fhnw_zt/5_vitis/ws/zybo/export/zybo/zybo.xpfm
18:36:35 ERROR : (XSDB Server)xtime_l.c:45:9: note: '#pragma message: For the sleep routines, Global timer is being used'
   45 | #pragma message ("For the sleep routines, Global timer is being used")
      |         ^~~~~~~

18:36:36 ERROR : (XSDB Server)arm-none-eabi-ar: creating ps7_cortexa9_0/lib/libxil.a

18:36:40 ERROR : (XSDB Server)xtime_l.c:45:9: note: '#pragma message: For the sleep routines, Global timer is being used'
   45 | #pragma message ("For the sleep routines, Global timer is being used")
      |         ^~~~~~~

18:36:41 ERROR : (XSDB Server)arm-none-eabi-ar: creating ps7_cortexa9_0/lib/libxil.a

18:36:41 INFO  : Result from executing command 'getProjects': zybo
18:36:41 INFO  : Result from executing command 'getPlatforms': xilinx_vck190_base_202310_1|C:/Xilinx/Vitis/2023.1/base_platforms/xilinx_vck190_base_202310_1/xilinx_vck190_base_202310_1.xpfm;xilinx_vck190_base_dfx_202310_1|C:/Xilinx/Vitis/2023.1/base_platforms/xilinx_vck190_base_dfx_202310_1/xilinx_vck190_base_dfx_202310_1.xpfm;xilinx_vek280_es1_base_202310_1|C:/Xilinx/Vitis/2023.1/base_platforms/xilinx_vek280_es1_base_202310_1/xilinx_vek280_es1_base_202310_1.xpfm;xilinx_vmk180_base_202310_1|C:/Xilinx/Vitis/2023.1/base_platforms/xilinx_vmk180_base_202310_1/xilinx_vmk180_base_202310_1.xpfm;xilinx_zcu102_base_202310_1|C:/Xilinx/Vitis/2023.1/base_platforms/xilinx_zcu102_base_202310_1/xilinx_zcu102_base_202310_1.xpfm;xilinx_zcu102_base_dfx_202310_1|C:/Xilinx/Vitis/2023.1/base_platforms/xilinx_zcu102_base_dfx_202310_1/xilinx_zcu102_base_dfx_202310_1.xpfm;xilinx_zcu104_base_202310_1|C:/Xilinx/Vitis/2023.1/base_platforms/xilinx_zcu104_base_202310_1/xilinx_zcu104_base_202310_1.xpfm;zybo|C:/FHNW/prj2/fhnw_zt/5_vitis/ws/zybo/export/zybo/zybo.xpfm
18:36:42 INFO  : Result from executing command 'getProjects': zybo
18:36:42 INFO  : Result from executing command 'getPlatforms': xilinx_vck190_base_202310_1|C:/Xilinx/Vitis/2023.1/base_platforms/xilinx_vck190_base_202310_1/xilinx_vck190_base_202310_1.xpfm;xilinx_vck190_base_dfx_202310_1|C:/Xilinx/Vitis/2023.1/base_platforms/xilinx_vck190_base_dfx_202310_1/xilinx_vck190_base_dfx_202310_1.xpfm;xilinx_vek280_es1_base_202310_1|C:/Xilinx/Vitis/2023.1/base_platforms/xilinx_vek280_es1_base_202310_1/xilinx_vek280_es1_base_202310_1.xpfm;xilinx_vmk180_base_202310_1|C:/Xilinx/Vitis/2023.1/base_platforms/xilinx_vmk180_base_202310_1/xilinx_vmk180_base_202310_1.xpfm;xilinx_zcu102_base_202310_1|C:/Xilinx/Vitis/2023.1/base_platforms/xilinx_zcu102_base_202310_1/xilinx_zcu102_base_202310_1.xpfm;xilinx_zcu102_base_dfx_202310_1|C:/Xilinx/Vitis/2023.1/base_platforms/xilinx_zcu102_base_dfx_202310_1/xilinx_zcu102_base_dfx_202310_1.xpfm;xilinx_zcu104_base_202310_1|C:/Xilinx/Vitis/2023.1/base_platforms/xilinx_zcu104_base_202310_1/xilinx_zcu104_base_202310_1.xpfm;zybo|C:/FHNW/prj2/fhnw_zt/5_vitis/ws/zybo/export/zybo/zybo.xpfm
18:36:43 INFO  : Result from executing command 'getProjects': zybo_app
18:36:43 INFO  : Result from executing command 'reportApp': {fsblpath=C:/FHNW/prj2/fhnw_zt/5_vitis/ws/zybo/export/zybo/sw/zybo/boot/fsbl.elf, Platform Path=C:/FHNW/prj2/fhnw_zt/5_vitis/ws/zybo/export/zybo/zybo.xpfm, Domain=standalone_domain, platform=zybo}
18:36:43 INFO  : DSA file updated sucessfully!
18:37:04 INFO  : Result from executing command 'getProjects': zybo
18:37:04 INFO  : Result from executing command 'getPlatforms': xilinx_vck190_base_202310_1|C:/Xilinx/Vitis/2023.1/base_platforms/xilinx_vck190_base_202310_1/xilinx_vck190_base_202310_1.xpfm;xilinx_vck190_base_dfx_202310_1|C:/Xilinx/Vitis/2023.1/base_platforms/xilinx_vck190_base_dfx_202310_1/xilinx_vck190_base_dfx_202310_1.xpfm;xilinx_vek280_es1_base_202310_1|C:/Xilinx/Vitis/2023.1/base_platforms/xilinx_vek280_es1_base_202310_1/xilinx_vek280_es1_base_202310_1.xpfm;xilinx_vmk180_base_202310_1|C:/Xilinx/Vitis/2023.1/base_platforms/xilinx_vmk180_base_202310_1/xilinx_vmk180_base_202310_1.xpfm;xilinx_zcu102_base_202310_1|C:/Xilinx/Vitis/2023.1/base_platforms/xilinx_zcu102_base_202310_1/xilinx_zcu102_base_202310_1.xpfm;xilinx_zcu102_base_dfx_202310_1|C:/Xilinx/Vitis/2023.1/base_platforms/xilinx_zcu102_base_dfx_202310_1/xilinx_zcu102_base_dfx_202310_1.xpfm;xilinx_zcu104_base_202310_1|C:/Xilinx/Vitis/2023.1/base_platforms/xilinx_zcu104_base_202310_1/xilinx_zcu104_base_202310_1.xpfm;zybo|C:/FHNW/prj2/fhnw_zt/5_vitis/ws/zybo/export/zybo/zybo.xpfm
18:37:05 INFO  : Checking for BSP changes to sync application flags for project 'zybo_app'...
18:37:07 INFO  : Updating application flags with new BSP settings...
18:37:07 INFO  : Successfully updated application flags for project zybo_app.
18:37:48 INFO  : Checking for BSP changes to sync application flags for project 'zybo_app'...
