Copyright 1986-2022 Xilinx, Inc. All Rights Reserved. Copyright 2022-2023 Advanced Micro Devices, Inc. All Rights Reserved.
---------------------------------------------------------------------------------------------------------------------------------------------
| Tool Version : Vivado v.2023.1 (win64) Build 3865809 Sun May  7 15:05:29 MDT 2023
| Date         : Sat Mar 16 16:09:55 2024
| Host         : DESKTOP-EOOIIGE running 64-bit major release  (build 9200)
| Command      : upgrade_ip
| Device       : xc7z010clg400-1
---------------------------------------------------------------------------------------------------------------------------------------------

Upgrade Log for IP 'bd_lf_sampler_axi_master_0_2'

1. Summary
----------

SUCCESS in the upgrade of bd_lf_sampler_axi_master_0_2 (xilinx.com:user:lf_sampler_axi_master:1.0) from (Rev. 6) to (Rev. 7)






Copyright 1986-2022 Xilinx, Inc. All Rights Reserved. Copyright 2022-2023 Advanced Micro Devices, Inc. All Rights Reserved.
---------------------------------------------------------------------------------------------------------------------------------------------
| Tool Version : Vivado v.2023.1 (win64) Build 3865809 Sun May  7 15:05:29 MDT 2023
| Date         : Sat Mar 16 15:57:44 2024
| Host         : DESKTOP-EOOIIGE running 64-bit major release  (build 9200)
| Command      : upgrade_ip
| Device       : xc7z010clg400-1
---------------------------------------------------------------------------------------------------------------------------------------------

Upgrade Log for IP 'bd_lf_sampler_axi_master_0_2'

1. Summary
----------

SUCCESS in the upgrade of bd_lf_sampler_axi_master_0_2 (xilinx.com:user:lf_sampler_axi_master:1.0) from (Rev. 5) to (Rev. 6)






Copyright 1986-2022 Xilinx, Inc. All Rights Reserved. Copyright 2022-2023 Advanced Micro Devices, Inc. All Rights Reserved.
---------------------------------------------------------------------------------------------------------------------------------------------
| Tool Version : Vivado v.2023.1 (win64) Build 3865809 Sun May  7 15:05:29 MDT 2023
| Date         : Sat Mar 16 15:48:30 2024
| Host         : DESKTOP-EOOIIGE running 64-bit major release  (build 9200)
| Command      : upgrade_ip
| Device       : xc7z010clg400-1
---------------------------------------------------------------------------------------------------------------------------------------------

Upgrade Log for IP 'bd_lf_sampler_axi_master_0_2'

1. Summary
----------

SUCCESS in the upgrade of bd_lf_sampler_axi_master_0_2 (xilinx.com:user:lf_sampler_axi_master:1.0) from (Rev. 4) to (Rev. 5)






Copyright 1986-2022 Xilinx, Inc. All Rights Reserved. Copyright 2022-2023 Advanced Micro Devices, Inc. All Rights Reserved.
---------------------------------------------------------------------------------------------------------------------------------------------
| Tool Version : Vivado v.2023.1 (win64) Build 3865809 Sun May  7 15:05:29 MDT 2023
| Date         : Sat Mar 16 15:25:30 2024
| Host         : DESKTOP-EOOIIGE running 64-bit major release  (build 9200)
| Command      : upgrade_ip
| Device       : xc7z010clg400-1
---------------------------------------------------------------------------------------------------------------------------------------------

Upgrade Log for IP 'bd_lf_sampler_axi_master_0_2'

1. Summary
----------

SUCCESS in the upgrade of bd_lf_sampler_axi_master_0_2 (xilinx.com:user:lf_sampler_axi_master:1.0) from (Rev. 3) to (Rev. 4)






Copyright 1986-2022 Xilinx, Inc. All Rights Reserved. Copyright 2022-2023 Advanced Micro Devices, Inc. All Rights Reserved.
---------------------------------------------------------------------------------------------------------------------------------------------
| Tool Version : Vivado v.2023.1 (win64) Build 3865809 Sun May  7 15:05:29 MDT 2023
| Date         : Sat Mar 16 15:22:07 2024
| Host         : DESKTOP-EOOIIGE running 64-bit major release  (build 9200)
| Command      : upgrade_ip
| Device       : xc7z010clg400-1
---------------------------------------------------------------------------------------------------------------------------------------------

Upgrade Log for IP 'bd_lf_sampler_axi_master_0_2'

1. Summary
----------

SUCCESS in the upgrade of bd_lf_sampler_axi_master_0_2 (xilinx.com:user:lf_sampler_axi_master:1.0) from (Rev. 2) to (Rev. 3)






Copyright 1986-2022 Xilinx, Inc. All Rights Reserved. Copyright 2022-2023 Advanced Micro Devices, Inc. All Rights Reserved.
---------------------------------------------------------------------------------------------------------------------------------------------
| Tool Version : Vivado v.2023.1 (win64) Build 3865809 Sun May  7 15:05:29 MDT 2023
| Date         : Sat Mar 16 14:45:15 2024
| Host         : DESKTOP-EOOIIGE running 64-bit major release  (build 9200)
| Command      : upgrade_ip
| Device       : xc7z010clg400-1
---------------------------------------------------------------------------------------------------------------------------------------------

Upgrade Log for IP 'bd_lf_sampler_axi_master_0_2'

1. Summary
----------

SUCCESS in the upgrade of bd_lf_sampler_axi_master_0_2 (xilinx.com:user:lf_sampler_axi_master:1.0) from (Rev. 1) to (Rev. 2)






Copyright 1986-2022 Xilinx, Inc. All Rights Reserved. Copyright 2022-2023 Advanced Micro Devices, Inc. All Rights Reserved.
---------------------------------------------------------------------------------------------------------------------------------------------
| Tool Version : Vivado v.2023.1 (win64) Build 3865809 Sun May  7 15:05:29 MDT 2023
| Date         : Sat Mar 16 14:18:09 2024
| Host         : DESKTOP-EOOIIGE running 64-bit major release  (build 9200)
| Command      : upgrade_ip
| Device       : xc7z010clg400-1
---------------------------------------------------------------------------------------------------------------------------------------------

Upgrade Log for IP 'bd_lf_sampler_axi_master_0_1'

1. Summary
----------

CAUTION (success, with warnings) in the update of bd_lf_sampler_axi_master_0_1 (xilinx.com:user:lf_sampler_axi_master:1.0 (Rev. 1)) to current project options.

After upgrade, an IP may have parameter and port differences compared to the original customization. Please review the parameters within the IP customization GUI to ensure proper functionality. Also, please review the updated IP instantiation template to ensure proper connectivity, and update your design if required.

2. Connection Warnings
----------------------

Detected external port differences while upgrading 'bd_lf_sampler_axi_master_0_1'. These changes may impact your design.


-Upgrade has added port 'fb_left'

-Upgrade has added port 'fb_middle'

-Upgrade has added port 'fb_right'


