
*** Running vivado
    with args -log lf_sampler_axi_master_control.vds -m64 -product Vivado -mode batch -messageDb vivado.pb -notrace -source lf_sampler_axi_master_control.tcl



****** Vivado v2023.1 (64-bit)
  **** SW Build 3865809 on Sun May  7 15:05:29 MDT 2023
  **** IP Build 3864474 on Sun May  7 20:36:21 MDT 2023
  **** SharedData Build 3865790 on Sun May 07 13:33:03 MDT 2023
    ** Copyright 1986-2022 Xilinx, Inc. All Rights Reserved.
    ** Copyright 2022-2023 Advanced Micro Devices, Inc. All Rights Reserved.

source lf_sampler_axi_master_control.tcl -notrace
create_project: Time (s): cpu = 00:00:02 ; elapsed = 00:00:07 . Memory (MB): peak = 1456.902 ; gain = 155.590
Command: read_checkpoint -auto_incremental -incremental C:/FHNW/prj2/fhnw_zt/4_vivado/zt/zt.srcs/utils_1/imports/synth_1/lf_sampler_axi_master_control.dcp
INFO: [Vivado 12-5825] Read reference checkpoint from C:/FHNW/prj2/fhnw_zt/4_vivado/zt/zt.srcs/utils_1/imports/synth_1/lf_sampler_axi_master_control.dcp for incremental synthesis
INFO: [Vivado 12-7989] Please ensure there are no constraint changes
Command: synth_design -top lf_sampler_axi_master_control__rtl_lf_sampler_axi_master_control -part xc7z010clg400-1
Starting synth_design
Attempting to get a license for feature 'Synthesis' and/or device 'xc7z010'
INFO: [Common 17-349] Got license for feature 'Synthesis' and/or device 'xc7z010'
INFO: [Device 21-403] Loading part xc7z010clg400-1
INFO: [Synth 8-7079] Multithreading enabled for synth_design using a maximum of 2 processes.
INFO: [Synth 8-7078] Launching helper process for spawning children vivado processes
INFO: [Synth 8-7075] Helper process launched with PID 10560
---------------------------------------------------------------------------------
Starting RTL Elaboration : Time (s): cpu = 00:00:01 ; elapsed = 00:00:06 . Memory (MB): peak = 2273.633 ; gain = 407.852
---------------------------------------------------------------------------------
INFO: [Synth 8-638] synthesizing module 'lf_sampler_axi_master_control' [C:/FHNW/prj2/fhnw_zt/2_hdl/zt_lib/src/lf_sampler_axi_master_control.vhd:50]
INFO: [Synth 8-638] synthesizing module 'lf_sampler_control' [C:/FHNW/prj2/fhnw_zt/2_hdl/zt_lib/src/lf_sampler_control.vhd:39]
	Parameter c_freq_div bound to: 8333 - type: integer 
	Parameter C_SAMPLE_LEN bound to: 40 - type: integer 
	Parameter C_SAMPLE_OK bound to: 30 - type: integer 
INFO: [Synth 8-638] synthesizing module 'lf_prescaler' [C:/FHNW/prj2/fhnw_zt/2_hdl/zt_lib/src/lf_prescaler.vhd:18]
	Parameter c_freq_div bound to: 8333 - type: integer 
INFO: [Synth 8-256] done synthesizing module 'lf_prescaler' (0#1) [C:/FHNW/prj2/fhnw_zt/2_hdl/zt_lib/src/lf_prescaler.vhd:18]
INFO: [Synth 8-638] synthesizing module 'lf_sampler' [C:/FHNW/prj2/fhnw_zt/2_hdl/zt_lib/src/lf_sampler.vhd:30]
	Parameter C_SAMPLE_LEN bound to: 40 - type: integer 
	Parameter C_SAMPLE_OK bound to: 30 - type: integer 
INFO: [Synth 8-256] done synthesizing module 'lf_sampler' (0#1) [C:/FHNW/prj2/fhnw_zt/2_hdl/zt_lib/src/lf_sampler.vhd:30]
INFO: [Synth 8-256] done synthesizing module 'lf_sampler_control' (0#1) [C:/FHNW/prj2/fhnw_zt/2_hdl/zt_lib/src/lf_sampler_control.vhd:39]
INFO: [Synth 8-638] synthesizing module 'lf_axi_master_adapter' [C:/FHNW/prj2/fhnw_zt/2_hdl/zt_lib/src/lf_axi_master_adapter.vhd:47]
	Parameter C_AXI_DATA_WIDTH bound to: 32 - type: integer 
INFO: [Synth 8-256] done synthesizing module 'lf_axi_master_adapter' (0#1) [C:/FHNW/prj2/fhnw_zt/2_hdl/zt_lib/src/lf_axi_master_adapter.vhd:47]
INFO: [Synth 8-256] done synthesizing module 'lf_sampler_axi_master_control' (0#1) [C:/FHNW/prj2/fhnw_zt/2_hdl/zt_lib/src/lf_sampler_axi_master_control.vhd:50]
---------------------------------------------------------------------------------
Finished RTL Elaboration : Time (s): cpu = 00:00:02 ; elapsed = 00:00:08 . Memory (MB): peak = 2369.637 ; gain = 503.855
---------------------------------------------------------------------------------
---------------------------------------------------------------------------------
Start Handling Custom Attributes
---------------------------------------------------------------------------------
---------------------------------------------------------------------------------
Finished Handling Custom Attributes : Time (s): cpu = 00:00:02 ; elapsed = 00:00:08 . Memory (MB): peak = 2387.539 ; gain = 521.758
---------------------------------------------------------------------------------
---------------------------------------------------------------------------------
Finished RTL Optimization Phase 1 : Time (s): cpu = 00:00:02 ; elapsed = 00:00:08 . Memory (MB): peak = 2387.539 ; gain = 521.758
---------------------------------------------------------------------------------
Netlist sorting complete. Time (s): cpu = 00:00:00 ; elapsed = 00:00:00.016 . Memory (MB): peak = 2387.539 ; gain = 0.000
INFO: [Project 1-570] Preparing netlist for logic optimization

Processing XDC Constraints
Initializing timing engine
Parsing XDC File [C:/FHNW/prj2/fhnw_zt/4_vivado/constraints/Zybo-Z7-Master.xdc]
Finished Parsing XDC File [C:/FHNW/prj2/fhnw_zt/4_vivado/constraints/Zybo-Z7-Master.xdc]
INFO: [Project 1-236] Implementation specific constraints were found while reading constraint file [C:/FHNW/prj2/fhnw_zt/4_vivado/constraints/Zybo-Z7-Master.xdc]. These constraints will be ignored for synthesis but will be used in implementation. Impacted constraints are listed in the file [.Xil/lf_sampler_axi_master_control_propImpl.xdc].
Resolution: To avoid this warning, move constraints listed in [.Xil/lf_sampler_axi_master_control_propImpl.xdc] to another XDC file and exclude this new file from synthesis with the used_in_synthesis property (File Properties dialog in GUI) and re-run elaboration/synthesis.
Completed Processing XDC Constraints

Netlist sorting complete. Time (s): cpu = 00:00:00 ; elapsed = 00:00:00.001 . Memory (MB): peak = 2500.250 ; gain = 0.000
INFO: [Project 1-111] Unisim Transformation Summary:
No Unisim elements were transformed.

Constraint Validation Runtime : Time (s): cpu = 00:00:00 ; elapsed = 00:00:00.008 . Memory (MB): peak = 2500.250 ; gain = 0.000
---------------------------------------------------------------------------------
Finished Constraint Validation : Time (s): cpu = 00:00:05 ; elapsed = 00:00:17 . Memory (MB): peak = 2500.250 ; gain = 634.469
---------------------------------------------------------------------------------
---------------------------------------------------------------------------------
Start Loading Part and Timing Information
---------------------------------------------------------------------------------
Loading part: xc7z010clg400-1
---------------------------------------------------------------------------------
Finished Loading Part and Timing Information : Time (s): cpu = 00:00:05 ; elapsed = 00:00:17 . Memory (MB): peak = 2500.250 ; gain = 634.469
---------------------------------------------------------------------------------
---------------------------------------------------------------------------------
Start Applying 'set_property' XDC Constraints
---------------------------------------------------------------------------------
---------------------------------------------------------------------------------
Finished applying 'set_property' XDC Constraints : Time (s): cpu = 00:00:05 ; elapsed = 00:00:17 . Memory (MB): peak = 2500.250 ; gain = 634.469
---------------------------------------------------------------------------------
---------------------------------------------------------------------------------
Start Preparing Guide Design
---------------------------------------------------------------------------------
CRITICAL WARNING: [Synth 8-6895] The reference checkpoint C:/FHNW/prj2/fhnw_zt/4_vivado/zt/zt.srcs/utils_1/imports/synth_1/lf_sampler_axi_master_control.dcp is not suitable for use with incremental synthesis for this design. Please regenerate the checkpoint for this design with -incremental_synth switch in the same Vivado session that synth_design has been run. Synthesis will continue with the default flow
---------------------------------------------------------------------------------
Finished Doing Graph Differ : Time (s): cpu = 00:00:05 ; elapsed = 00:00:17 . Memory (MB): peak = 2500.250 ; gain = 634.469
---------------------------------------------------------------------------------
---------------------------------------------------------------------------------
Finished Preparing Guide Design : Time (s): cpu = 00:00:05 ; elapsed = 00:00:17 . Memory (MB): peak = 2500.250 ; gain = 634.469
---------------------------------------------------------------------------------
---------------------------------------------------------------------------------
Finished RTL Optimization Phase 2 : Time (s): cpu = 00:00:05 ; elapsed = 00:00:17 . Memory (MB): peak = 2500.250 ; gain = 634.469
---------------------------------------------------------------------------------


Incremental Synthesis Report Summary:

1. Incremental synthesis run: no

   Reason for not running incremental synthesis : 


INFO: [Synth 8-7130] Flow is switching to default flow due to incremental criteria not met. If you would like to alter this behaviour and have the flow terminate instead, please set the following parameter config_implementation {autoIncr.Synth.RejectBehavior Terminate}
---------------------------------------------------------------------------------
Start RTL Component Statistics 
---------------------------------------------------------------------------------
Detailed RTL Component Info : 
+---Adders : 
	  10 Input    6 Bit       Adders := 3     
	  17 Input    5 Bit       Adders := 3     
	   9 Input    4 Bit       Adders := 3     
	   5 Input    3 Bit       Adders := 3     
	   2 Input    2 Bit       Adders := 3     
	   3 Input    2 Bit       Adders := 3     
+---Registers : 
	               40 Bit    Registers := 3     
	               32 Bit    Registers := 1     
	                1 Bit    Registers := 5     
+---Muxes : 
	   2 Input   32 Bit        Muxes := 1     
	   2 Input    2 Bit        Muxes := 3     
---------------------------------------------------------------------------------
Finished RTL Component Statistics 
---------------------------------------------------------------------------------
---------------------------------------------------------------------------------
Start Part Resource Summary
---------------------------------------------------------------------------------
Part Resources:
DSPs: 80 (col length:40)
BRAMs: 120 (col length: RAMB18 40 RAMB36 20)
---------------------------------------------------------------------------------
Finished Part Resource Summary
---------------------------------------------------------------------------------
---------------------------------------------------------------------------------
Start Cross Boundary and Area Optimization
---------------------------------------------------------------------------------
WARNING: [Synth 8-7080] Parallel synthesis criteria is not met
WARNING: [Synth 8-3917] design lf_sampler_axi_master_control has port Axi_TLAST driven by constant 1
---------------------------------------------------------------------------------
Finished Cross Boundary and Area Optimization : Time (s): cpu = 00:00:06 ; elapsed = 00:00:20 . Memory (MB): peak = 2500.250 ; gain = 634.469
---------------------------------------------------------------------------------
---------------------------------------------------------------------------------
Start Applying XDC Timing Constraints
---------------------------------------------------------------------------------
---------------------------------------------------------------------------------
Finished Applying XDC Timing Constraints : Time (s): cpu = 00:00:07 ; elapsed = 00:00:26 . Memory (MB): peak = 2500.250 ; gain = 634.469
---------------------------------------------------------------------------------
---------------------------------------------------------------------------------
Start Timing Optimization
---------------------------------------------------------------------------------
---------------------------------------------------------------------------------
Finished Timing Optimization : Time (s): cpu = 00:00:07 ; elapsed = 00:00:26 . Memory (MB): peak = 2500.250 ; gain = 634.469
---------------------------------------------------------------------------------
---------------------------------------------------------------------------------
Start Technology Mapping
---------------------------------------------------------------------------------
---------------------------------------------------------------------------------
Finished Technology Mapping : Time (s): cpu = 00:00:08 ; elapsed = 00:00:26 . Memory (MB): peak = 2500.250 ; gain = 634.469
---------------------------------------------------------------------------------
---------------------------------------------------------------------------------
Start IO Insertion
---------------------------------------------------------------------------------
---------------------------------------------------------------------------------
Start Flattening Before IO Insertion
---------------------------------------------------------------------------------
---------------------------------------------------------------------------------
Finished Flattening Before IO Insertion
---------------------------------------------------------------------------------
---------------------------------------------------------------------------------
Start Final Netlist Cleanup
---------------------------------------------------------------------------------
---------------------------------------------------------------------------------
Finished Final Netlist Cleanup
---------------------------------------------------------------------------------
---------------------------------------------------------------------------------
Finished IO Insertion : Time (s): cpu = 00:00:10 ; elapsed = 00:00:32 . Memory (MB): peak = 2500.250 ; gain = 634.469
---------------------------------------------------------------------------------
---------------------------------------------------------------------------------
Start Renaming Generated Instances
---------------------------------------------------------------------------------
---------------------------------------------------------------------------------
Finished Renaming Generated Instances : Time (s): cpu = 00:00:10 ; elapsed = 00:00:32 . Memory (MB): peak = 2500.250 ; gain = 634.469
---------------------------------------------------------------------------------
---------------------------------------------------------------------------------
Start Rebuilding User Hierarchy
---------------------------------------------------------------------------------
---------------------------------------------------------------------------------
Finished Rebuilding User Hierarchy : Time (s): cpu = 00:00:10 ; elapsed = 00:00:32 . Memory (MB): peak = 2500.250 ; gain = 634.469
---------------------------------------------------------------------------------
---------------------------------------------------------------------------------
Start Renaming Generated Ports
---------------------------------------------------------------------------------
---------------------------------------------------------------------------------
Finished Renaming Generated Ports : Time (s): cpu = 00:00:10 ; elapsed = 00:00:32 . Memory (MB): peak = 2500.250 ; gain = 634.469
---------------------------------------------------------------------------------
---------------------------------------------------------------------------------
Start Handling Custom Attributes
---------------------------------------------------------------------------------
---------------------------------------------------------------------------------
Finished Handling Custom Attributes : Time (s): cpu = 00:00:10 ; elapsed = 00:00:32 . Memory (MB): peak = 2500.250 ; gain = 634.469
---------------------------------------------------------------------------------
---------------------------------------------------------------------------------
Start Renaming Generated Nets
---------------------------------------------------------------------------------
---------------------------------------------------------------------------------
Finished Renaming Generated Nets : Time (s): cpu = 00:00:10 ; elapsed = 00:00:32 . Memory (MB): peak = 2500.250 ; gain = 634.469
---------------------------------------------------------------------------------
---------------------------------------------------------------------------------
Start Writing Synthesis Report
---------------------------------------------------------------------------------

Report BlackBoxes: 
+-+--------------+----------+
| |BlackBox name |Instances |
+-+--------------+----------+
+-+--------------+----------+

Report Cell Usage: 
+------+-------+------+
|      |Cell   |Count |
+------+-------+------+
|1     |BUFG   |     1|
|2     |CARRY4 |     4|
|3     |LUT1   |     2|
|4     |LUT2   |     6|
|5     |LUT3   |    63|
|6     |LUT4   |    13|
|7     |LUT5   |    36|
|8     |LUT6   |    65|
|9     |FDRE   |   138|
|10    |FDSE   |     1|
|11    |IBUF   |     6|
|12    |OBUF   |    34|
+------+-------+------+
---------------------------------------------------------------------------------
Finished Writing Synthesis Report : Time (s): cpu = 00:00:10 ; elapsed = 00:00:32 . Memory (MB): peak = 2500.250 ; gain = 634.469
---------------------------------------------------------------------------------
Synthesis finished with 0 errors, 1 critical warnings and 2 warnings.
Synthesis Optimization Runtime : Time (s): cpu = 00:00:08 ; elapsed = 00:00:30 . Memory (MB): peak = 2500.250 ; gain = 521.758
Synthesis Optimization Complete : Time (s): cpu = 00:00:10 ; elapsed = 00:00:32 . Memory (MB): peak = 2500.250 ; gain = 634.469
INFO: [Project 1-571] Translating synthesized netlist
Netlist sorting complete. Time (s): cpu = 00:00:00 ; elapsed = 00:00:00.004 . Memory (MB): peak = 2500.250 ; gain = 0.000
INFO: [Netlist 29-17] Analyzing 4 Unisim elements for replacement
INFO: [Netlist 29-28] Unisim Transformation completed in 0 CPU seconds
INFO: [Project 1-570] Preparing netlist for logic optimization
INFO: [Opt 31-138] Pushed 0 inverter(s) to 0 load pin(s).
Netlist sorting complete. Time (s): cpu = 00:00:00 ; elapsed = 00:00:00.001 . Memory (MB): peak = 2500.250 ; gain = 0.000
INFO: [Project 1-111] Unisim Transformation Summary:
No Unisim elements were transformed.

Synth Design complete | Checksum: 37f36c8a
INFO: [Common 17-83] Releasing license: Synthesis
28 Infos, 2 Warnings, 1 Critical Warnings and 0 Errors encountered.
synth_design completed successfully
synth_design: Time (s): cpu = 00:00:11 ; elapsed = 00:00:39 . Memory (MB): peak = 2500.250 ; gain = 1018.523
INFO: [runtcl-6] Synthesis results are not added to the cache due to CRITICAL_WARNING
INFO: [Common 17-1381] The checkpoint 'C:/FHNW/prj2/fhnw_zt/4_vivado/zt/zt.runs/synth_1/lf_sampler_axi_master_control.dcp' has been generated.
INFO: [runtcl-4] Executing : report_utilization -file lf_sampler_axi_master_control_utilization_synth.rpt -pb lf_sampler_axi_master_control_utilization_synth.pb
INFO: [Common 17-206] Exiting Vivado at Fri Mar 15 10:51:59 2024...
